{"numTotalTestSuites":950,"numPassedTestSuites":950,"numFailedTestSuites":0,"numPendingTestSuites":0,"numTotalTests":2998,"numPassedTests":2998,"numFailedTests":0,"numPendingTests":0,"numTodoTests":0,"snapshot":{"added":0,"failure":false,"filesAdded":0,"filesRemoved":0,"filesRemovedList":[],"filesUnmatched":0,"filesUpdated":0,"matched":0,"total":0,"unchecked":0,"uncheckedKeysByFile":[],"unmatched":0,"updated":0,"didUpdate":false},"startTime":1776607119488,"success":true,"testResults":[{"assertionResults":[{"ancestorTitles":["Backoff — failure/success sequence"],"fullName":"Backoff — failure/success sequence fresh key has 1x delay (2^0 = 1)","status":"passed","title":"fresh key has 1x delay (2^0 = 1)","duration":12.062200000000303,"failureMessages":[],"meta":{},"tags":[]},{"ancestorTitles":["Backoff — failure/success sequence"],"fullName":"Backoff — failure/success sequence after 1 failure: delay = 2x (2^1)","status":"passed","title":"after 1 failure: delay = 2x (2^1)","duration":1.9668999999994412,"failureMessages":[],"meta":{},"tags":[]},{"ancestorTitles":["Backoff — failure/success sequence"],"fullName":"Backoff — failure/success sequence after 3 failures: delay = 8x (2^3)","status":"passed","title":"after 3 failures: delay = 8x (2^3)","duration":0.9233000000022002,"failureMessages":[],"meta":{},"tags":[]},{"ancestorTitles":["Backoff — failure/success sequence"],"fullName":"Backoff — failure/success sequence backoff caps at 32x (2^5) after 6+ failures","status":"passed","title":"backoff caps at 32x (2^5) after 6+ failures","duration":0.8428999999996449,"failureMessages":[],"meta":{},"tags":[]},{"ancestorTitles":["Backoff — failure/success sequence"],"fullName":"Backoff — failure/success sequence recordSuccess resets delay to 1x","status":"passed","title":"recordSuccess resets delay to 1x","duration":12.053100000000995,"failureMessages":[],"meta":{},"tags":[]},{"ancestorTitles":["Backoff — failure/success sequence"],"fullName":"Backoff — failure/success sequence independent keys do not interfere","status":"passed","title":"independent keys do not interfere","duration":1.2514000000010128,"failureMessages":[],"meta":{},"tags":[]}],"startTime":1776607320294,"endTime":1776607320324.2515,"status":"passed","message":"","name":"C:/Users/ryair/OneDrive - Intel Corporation/Documents/MyScripts/FamilyDashBoard/tests/integration/backoff-sequence.test.ts"},{"assertionResults":[{"ancestorTitles":["Cache — cSet + cGet + cGetStale round-trip"],"fullName":"Cache — cSet + cGet + cGetStale round-trip cGet returns data immediately after cSet","status":"passed","title":"cGet returns data immediately after cSet","duration":22.822299999999814,"failureMessages":[],"meta":{},"tags":[]},{"ancestorTitles":["Cache — cSet + cGet + cGetStale round-trip"],"fullName":"Cache — cSet + cGet + cGetStale round-trip cGet returns null for unknown key","status":"passed","title":"cGet returns null for unknown key","duration":3.1665999999968335,"failureMessages":[],"meta":{},"tags":[]},{"ancestorTitles":["Cache — cSet + cGet + cGetStale round-trip"],"fullName":"Cache — cSet + cGet + cGetStale round-trip cGet returns null after TTL expires","status":"passed","title":"cGet returns null after TTL expires","duration":2.254000000000815,"failureMessages":[],"meta":{},"tags":[]},{"ancestorTitles":["Cache — cSet + cGet + cGetStale round-trip"],"fullName":"Cache — cSet + cGet + cGetStale round-trip cGetStale returns data even after TTL expires","status":"passed","title":"cGetStale returns data even after TTL expires","duration":1.5046000000002095,"failureMessages":[],"meta":{},"tags":[]},{"ancestorTitles":["Cache — cSet + cGet + cGetStale round-trip"],"fullName":"Cache — cSet + cGet + cGetStale round-trip cSet overwrites existing data","status":"passed","title":"cSet overwrites existing data","duration":1.9953000000023167,"failureMessages":[],"meta":{},"tags":[]},{"ancestorTitles":["Cache — cSet + cGet + cGetStale round-trip"],"fullName":"Cache — cSet + cGet + cGetStale round-trip cGet respects TTL in milliseconds","status":"passed","title":"cGet respects TTL in milliseconds","duration":1.8491999999969266,"failureMessages":[],"meta":{},"tags":[]}],"startTime":1776607285964,"endTime":1776607285997.849,"status":"passed","message":"","name":"C:/Users/ryair/OneDrive - Intel Corporation/Documents/MyScripts/FamilyDashBoard/tests/integration/cache-stale.test.ts"},{"assertionResults":[{"ancestorTitles":["Config export → import round-trip (Sprint 173)"],"fullName":"Config export → import round-trip (Sprint 173) shareConfigHash → loadConfigFromHash preserves all fields","status":"passed","title":"shareConfigHash → loadConfigFromHash preserves all fields","duration":64.78700000000026,"failureMessages":[],"meta":{},"tags":[]},{"ancestorTitles":["Config export → import round-trip (Sprint 173)"],"fullName":"Config export → import round-trip (Sprint 173) JSON.stringify → JSON.parse preserves config shape","status":"passed","title":"JSON.stringify → JSON.parse preserves config shape","duration":3.529299999999239,"failureMessages":[],"meta":{},"tags":[]},{"ancestorTitles":["Config export → import round-trip (Sprint 173)"],"fullName":"Config export → import round-trip (Sprint 173) resetConfig returns defaults after customization","status":"passed","title":"resetConfig returns defaults after customization","duration":8.819400000000314,"failureMessages":[],"meta":{},"tags":[]}],"startTime":1776607333401,"endTime":1776607333477.8193,"status":"passed","message":"","name":"C:/Users/ryair/OneDrive - Intel Corporation/Documents/MyScripts/FamilyDashBoard/tests/integration/config-export-import.test.ts"},{"assertionResults":[{"ancestorTitles":["Config — save and load round-trip"],"fullName":"Config — save and load round-trip loadConfig returns default when nothing saved","status":"passed","title":"loadConfig returns default when nothing saved","duration":8.789999999999054,"failureMessages":[],"meta":{},"tags":[]},{"ancestorTitles":["Config — save and load round-trip"],"fullName":"Config — save and load round-trip saveConfig persists theme, familyName, and tempUnit","status":"passed","title":"saveConfig persists theme, familyName, and tempUnit","duration":5.868099999999686,"failureMessages":[],"meta":{},"tags":[]},{"ancestorTitles":["Config — save and load round-trip"],"fullName":"Config — save and load round-trip configVersion is saved and reloaded","status":"passed","title":"configVersion is saved and reloaded","duration":6.885600000001432,"failureMessages":[],"meta":{},"tags":[]},{"ancestorTitles":["Config — save and load round-trip"],"fullName":"Config — save and load round-trip hiddenCards list is preserved across save/load","status":"passed","title":"hiddenCards list is preserved across save/load","duration":2.8562999999994645,"failureMessages":[],"meta":{},"tags":[]},{"ancestorTitles":["Config — save and load round-trip"],"fullName":"Config — save and load round-trip members array is preserved across save/load","status":"passed","title":"members array is preserved across save/load","duration":5.1810999999997875,"failureMessages":[],"meta":{},"tags":[]},{"ancestorTitles":["Config — save and load round-trip"],"fullName":"Config — save and load round-trip fontScale is preserved across save/load","status":"passed","title":"fontScale is preserved across save/load","duration":1.263199999999415,"failureMessages":[],"meta":{},"tags":[]},{"ancestorTitles":["Config — save and load round-trip"],"fullName":"Config — save and load round-trip bgImages array is preserved across save/load","status":"passed","title":"bgImages array is preserved across save/load","duration":1.565600000001723,"failureMessages":[],"meta":{},"tags":[]}],"startTime":1776607216716,"endTime":1776607216748.5657,"status":"passed","message":"","name":"C:/Users/ryair/OneDrive - Intel Corporation/Documents/MyScripts/FamilyDashBoard/tests/integration/config-save.test.ts"},{"assertionResults":[{"ancestorTitles":["System health snapshot (Sprint 126)"],"fullName":"System health snapshot (Sprint 126) assembles a complete health report","status":"passed","title":"assembles a complete health report","duration":11.055299999999988,"failureMessages":[],"meta":{},"tags":[]},{"ancestorTitles":["System health snapshot (Sprint 126)"],"fullName":"System health snapshot (Sprint 126) clean state produces zero health metrics","status":"passed","title":"clean state produces zero health metrics","duration":1.6642000000001644,"failureMessages":[],"meta":{},"tags":[]}],"startTime":1776607339522,"endTime":1776607339534.6643,"status":"passed","message":"","name":"C:/Users/ryair/OneDrive - Intel Corporation/Documents/MyScripts/FamilyDashBoard/tests/integration/health-snapshot.test.ts"},{"assertionResults":[{"ancestorTitles":["Provider adapter lifecycle (Sprint 174)"],"fullName":"Provider adapter lifecycle (Sprint 174) full lifecycle: success → latency → failure → backoff → recovery","status":"passed","title":"full lifecycle: success → latency → failure → backoff → recovery","duration":19.698200000002544,"failureMessages":[],"meta":{},"tags":[]},{"ancestorTitles":["Provider adapter lifecycle (Sprint 174)"],"fullName":"Provider adapter lifecycle (Sprint 174) multiple providers tracked independently","status":"passed","title":"multiple providers tracked independently","duration":1.8557000000000698,"failureMessages":[],"meta":{},"tags":[]},{"ancestorTitles":["Provider adapter lifecycle (Sprint 174)"],"fullName":"Provider adapter lifecycle (Sprint 174) latency history isolated per provider","status":"passed","title":"latency history isolated per provider","duration":1.2114000000001397,"failureMessages":[],"meta":{},"tags":[]}],"startTime":1776607265409,"endTime":1776607265432.2114,"status":"passed","message":"","name":"C:/Users/ryair/OneDrive - Intel Corporation/Documents/MyScripts/FamilyDashBoard/tests/integration/provider-lifecycle.test.ts"},{"assertionResults":[{"ancestorTitles":["Sync dot — registration + state"],"fullName":"Sync dot — registration + state registered dot gets 'loading' class on setSync → loading","status":"passed","title":"registered dot gets 'loading' class on setSync → loading","duration":24.606199999998353,"failureMessages":[],"meta":{},"tags":[]},{"ancestorTitles":["Sync dot — registration + state"],"fullName":"Sync dot — registration + state registered dot keeps only 'sync-dot' class on setSync → ok","status":"passed","title":"registered dot keeps only 'sync-dot' class on setSync → ok","duration":2.523700000001554,"failureMessages":[],"meta":{},"tags":[]},{"ancestorTitles":["Sync dot — registration + state"],"fullName":"Sync dot — registration + state registered dot gets 'error' class on setSync → error","status":"passed","title":"registered dot gets 'error' class on setSync → error","duration":1.5290999999997439,"failureMessages":[],"meta":{},"tags":[]},{"ancestorTitles":["Sync dot — registration + state"],"fullName":"Sync dot — registration + state syncBurst applies 'burst' class momentarily","status":"passed","title":"syncBurst applies 'burst' class momentarily","duration":1.3637999999991735,"failureMessages":[],"meta":{},"tags":[]},{"ancestorTitles":["Sync dot — registration + state"],"fullName":"Sync dot — registration + state unregistered pane names are ignored without throwing","status":"passed","title":"unregistered pane names are ignored without throwing","duration":2.807299999996758,"failureMessages":[],"meta":{},"tags":[]},{"ancestorTitles":["Sync dot — registration + state"],"fullName":"Sync dot — registration + state re-registering a pane uses the new element","status":"passed","title":"re-registering a pane uses the new element","duration":1.8054000000011001,"failureMessages":[],"meta":{},"tags":[]}],"startTime":1776607315021,"endTime":1776607315055.8054,"status":"passed","message":"","name":"C:/Users/ryair/OneDrive - Intel Corporation/Documents/MyScripts/FamilyDashBoard/tests/integration/sync-dots.test.ts"},{"assertionResults":[{"ancestorTitles":["Theme — applyTheme sets class on body element"],"fullName":"Theme — applyTheme sets class on body element applyTheme sets theme-blue class on body","status":"passed","title":"applyTheme sets theme-blue class on body","duration":18.087100000000646,"failureMessages":[],"meta":{},"tags":[]},{"ancestorTitles":["Theme — applyTheme sets class on body element"],"fullName":"Theme — applyTheme sets class on body element applyTheme 'black' sets theme-black on body","status":"passed","title":"applyTheme 'black' sets theme-black on body","duration":1.9262999999991735,"failureMessages":[],"meta":{},"tags":[]},{"ancestorTitles":["Theme — applyTheme sets class on body element"],"fullName":"Theme — applyTheme sets class on body element applyTheme 'matrix' sets theme-matrix on body","status":"passed","title":"applyTheme 'matrix' sets theme-matrix on body","duration":1.1057000000000698,"failureMessages":[],"meta":{},"tags":[]},{"ancestorTitles":["Theme — applyTheme sets class on body element"],"fullName":"Theme — applyTheme sets class on body element applyTheme 'amber' sets theme-amber on body","status":"passed","title":"applyTheme 'amber' sets theme-amber on body","duration":0.9598999999998341,"failureMessages":[],"meta":{},"tags":[]},{"ancestorTitles":["Theme — applyTheme sets class on body element"],"fullName":"Theme — applyTheme sets class on body element applyTheme 'purple' sets theme-purple on body","status":"passed","title":"applyTheme 'purple' sets theme-purple on body","duration":0.6871000000010099,"failureMessages":[],"meta":{},"tags":[]},{"ancestorTitles":["Theme — applyTheme sets class on body element"],"fullName":"Theme — applyTheme sets class on body element applyTheme 'rose' sets theme-rose on body","status":"passed","title":"applyTheme 'rose' sets theme-rose on body","duration":0.7811000000001513,"failureMessages":[],"meta":{},"tags":[]},{"ancestorTitles":["Theme — applyTheme sets class on body element"],"fullName":"Theme — applyTheme sets class on body element currentTheme returns the current theme after applyTheme","status":"passed","title":"currentTheme returns the current theme after applyTheme","duration":1.032600000000457,"failureMessages":[],"meta":{},"tags":[]},{"ancestorTitles":["Theme — applyTheme sets class on body element"],"fullName":"Theme — applyTheme sets class on body element theme integrates with config — saved theme is restored via applyTheme","status":"passed","title":"theme integrates with config — saved theme is restored via applyTheme","duration":4.473400000000765,"failureMessages":[],"meta":{},"tags":[]}],"startTime":1776607265331,"endTime":1776607265360.4734,"status":"passed","message":"","name":"C:/Users/ryair/OneDrive - Intel Corporation/Documents/MyScripts/FamilyDashBoard/tests/integration/theme-switch.test.ts"},{"assertionResults":[{"ancestorTitles":["Main — applySeasonClass (F27 seasonal tint)"],"fullName":"Main — applySeasonClass (F27 seasonal tint) adds season-spring in April (month 3)","status":"passed","title":"adds season-spring in April (month 3)","duration":13.172300000000178,"failureMessages":[],"meta":{},"tags":[]},{"ancestorTitles":["Main — applySeasonClass (F27 seasonal tint)"],"fullName":"Main — applySeasonClass (F27 seasonal tint) adds season-summer in July (month 6)","status":"passed","title":"adds season-summer in July (month 6)","duration":1.8161999999992986,"failureMessages":[],"meta":{},"tags":[]},{"ancestorTitles":["Main — applySeasonClass (F27 seasonal tint)"],"fullName":"Main — applySeasonClass (F27 seasonal tint) adds season-autumn in October (month 9)","status":"passed","title":"adds season-autumn in October (month 9)","duration":1.001299999999901,"failureMessages":[],"meta":{},"tags":[]},{"ancestorTitles":["Main — applySeasonClass (F27 seasonal tint)"],"fullName":"Main — applySeasonClass (F27 seasonal tint) adds season-winter in January (month 0)","status":"passed","title":"adds season-winter in January (month 0)","duration":2.95299999999952,"failureMessages":[],"meta":{},"tags":[]},{"ancestorTitles":["Main — applySeasonClass (F27 seasonal tint)"],"fullName":"Main — applySeasonClass (F27 seasonal tint) adds season-winter in December (month 11)","status":"passed","title":"adds season-winter in December (month 11)","duration":1.8114000000005035,"failureMessages":[],"meta":{},"tags":[]},{"ancestorTitles":["Main — applySeasonClass (F27 seasonal tint)"],"fullName":"Main — applySeasonClass (F27 seasonal tint) adds season-spring for March (month 2, start of spring)","status":"passed","title":"adds season-spring for March (month 2, start of spring)","duration":1.1155999999991764,"failureMessages":[],"meta":{},"tags":[]},{"ancestorTitles":["Main — applySeasonClass (F27 seasonal tint)"],"fullName":"Main — applySeasonClass (F27 seasonal tint) adds season-autumn for November (month 10, end of autumn)","status":"passed","title":"adds season-autumn for November (month 10, end of autumn)","duration":0.8494000000009692,"failureMessages":[],"meta":{},"tags":[]},{"ancestorTitles":["Main — applySeasonClass (F27 seasonal tint)"],"fullName":"Main — applySeasonClass (F27 seasonal tint) only adds one season class at a time","status":"passed","title":"only adds one season class at a time","duration":3.1767999999992753,"failureMessages":[],"meta":{},"tags":[]},{"ancestorTitles":["Main — applySeasonClass (F27 seasonal tint)"],"fullName":"Main — applySeasonClass (F27 seasonal tint) does not throw when called","status":"passed","title":"does not throw when called","duration":2.6094999999986612,"failureMessages":[],"meta":{},"tags":[]},{"ancestorTitles":["Main — init() core setup"],"fullName":"Main — init() core setup calls cEvict on startup","status":"passed","title":"calls cEvict on startup","duration":30.578599999998914,"failureMessages":[],"meta":{},"tags":[]},{"ancestorTitles":["Main — init() core setup"],"fullName":"Main — init() core setup calls initVisibility","status":"passed","title":"calls initVisibility","duration":6.656400000001668,"failureMessages":[],"meta":{},"tags":[]},{"ancestorTitles":["Main — init() core setup"],"fullName":"Main — init() core setup calls initTheme","status":"passed","title":"calls initTheme","duration":3.965299999999843,"failureMessages":[],"meta":{},"tags":[]},{"ancestorTitles":["Main — init() core setup"],"fullName":"Main — init() core setup calls initScreenMode","status":"passed","title":"calls initScreenMode","duration":23.470400000000154,"failureMessages":[],"meta":{},"tags":[]},{"ancestorTitles":["Main — init() core setup"],"fullName":"Main — init() core setup calls initKeyboard","status":"passed","title":"calls initKeyboard","duration":5.699199999999109,"failureMessages":[],"meta":{},"tags":[]},{"ancestorTitles":["Main — init() core setup"],"fullName":"Main — init() core setup calls initHeader","status":"passed","title":"calls initHeader","duration":10.699099999999817,"failureMessages":[],"meta":{},"tags":[]},{"ancestorTitles":["Main — init() core setup"],"fullName":"Main — init() core setup calls initBgImages","status":"passed","title":"calls initBgImages","duration":118.72129999999925,"failureMessages":[],"meta":{},"tags":[]},{"ancestorTitles":["Main — init() core setup"],"fullName":"Main — init() core setup calls initCardMaximize and initCardCollapse","status":"passed","title":"calls initCardMaximize and initCardCollapse","duration":64.44130000000041,"failureMessages":[],"meta":{},"tags":[]},{"ancestorTitles":["Main — init() core setup"],"fullName":"Main — init() core setup calls initStatusBar","status":"passed","title":"calls initStatusBar","duration":80.93419999999969,"failureMessages":[],"meta":{},"tags":[]},{"ancestorTitles":["Main — init() core setup"],"fullName":"Main — init() core setup calls initConfigPanel","status":"passed","title":"calls initConfigPanel","duration":5.393099999999322,"failureMessages":[],"meta":{},"tags":[]},{"ancestorTitles":["Main — init() core setup"],"fullName":"Main — init() core setup calls initDiagOverlay","status":"passed","title":"calls initDiagOverlay","duration":6.144800000000032,"failureMessages":[],"meta":{},"tags":[]},{"ancestorTitles":["Main — init() core setup"],"fullName":"Main — init() core setup calls stampRefresh","status":"passed","title":"calls stampRefresh","duration":3.132500000001528,"failureMessages":[],"meta":{},"tags":[]},{"ancestorTitles":["Main — init() core setup"],"fullName":"Main — init() core setup calls registerSW","status":"passed","title":"calls registerSW","duration":3.3351000000002387,"failureMessages":[],"meta":{},"tags":[]},{"ancestorTitles":["Main — init() core setup"],"fullName":"Main — init() core setup calls diagLog with starting message","status":"passed","title":"calls diagLog with starting message","duration":7.470699999999852,"failureMessages":[],"meta":{},"tags":[]},{"ancestorTitles":["Main — init() core setup"],"fullName":"Main — init() core setup calls diagLog with initialized message","status":"passed","title":"calls diagLog with initialized message","duration":3.5505000000011933,"failureMessages":[],"meta":{},"tags":[]},{"ancestorTitles":["Main — init() card initialization"],"fullName":"Main — init() card initialization calls initWeatherCard","status":"passed","title":"calls initWeatherCard","duration":3.03519999999844,"failureMessages":[],"meta":{},"tags":[]},{"ancestorTitles":["Main — init() card initialization"],"fullName":"Main — init() card initialization calls initNewsCard","status":"passed","title":"calls initNewsCard","duration":2.7069999999985157,"failureMessages":[],"meta":{},"tags":[]},{"ancestorTitles":["Main — init() card initialization"],"fullName":"Main — init() card initialization calls initStocksCard","status":"passed","title":"calls initStocksCard","duration":2.4956999999994878,"failureMessages":[],"meta":{},"tags":[]},{"ancestorTitles":["Main — init() card initialization"],"fullName":"Main — init() card initialization calls initCurrencyCard","status":"passed","title":"calls initCurrencyCard","duration":3.44419999999991,"failureMessages":[],"meta":{},"tags":[]},{"ancestorTitles":["Main — init() card initialization"],"fullName":"Main — init() card initialization calls initAlertsCard","status":"passed","title":"calls initAlertsCard","duration":12.762199999999211,"failureMessages":[],"meta":{},"tags":[]},{"ancestorTitles":["Main — init() card initialization"],"fullName":"Main — init() card initialization calls initMotivationCard","status":"passed","title":"calls initMotivationCard","duration":3.240700000000288,"failureMessages":[],"meta":{},"tags":[]},{"ancestorTitles":["Main — init() card initialization"],"fullName":"Main — init() card initialization calls initHebrewCalCard","status":"passed","title":"calls initHebrewCalCard","duration":4.917400000000271,"failureMessages":[],"meta":{},"tags":[]},{"ancestorTitles":["Main — init() card initialization"],"fullName":"Main — init() card initialization calls initCalendarCard","status":"passed","title":"calls initCalendarCard","duration":3.3589999999985594,"failureMessages":[],"meta":{},"tags":[]},{"ancestorTitles":["Main — init() card initialization"],"fullName":"Main — init() card initialization calls initTicker","status":"passed","title":"calls initTicker","duration":3.2572000000000116,"failureMessages":[],"meta":{},"tags":[]},{"ancestorTitles":["Main — init() config-based setup"],"fullName":"Main — init() config-based setup passes nightDimLevel to initNightDimmer","status":"passed","title":"passes nightDimLevel to initNightDimmer","duration":96.44839999999931,"failureMessages":[],"meta":{},"tags":[]},{"ancestorTitles":["Main — init() config-based setup"],"fullName":"Main — init() config-based setup passes alertsEnabled to setAlertsEnabled","status":"passed","title":"passes alertsEnabled to setAlertsEnabled","duration":5.655800000000454,"failureMessages":[],"meta":{},"tags":[]},{"ancestorTitles":["Main — init() config-based setup"],"fullName":"Main — init() config-based setup passes realtimeAlerts to setAlertsRealtime","status":"passed","title":"passes realtimeAlerts to setAlertsRealtime","duration":76.41990000000078,"failureMessages":[],"meta":{},"tags":[]},{"ancestorTitles":["Main — init() config-based setup"],"fullName":"Main — init() config-based setup calls checkAutoTheme with config values","status":"passed","title":"calls checkAutoTheme with config values","duration":3.5848000000005413,"failureMessages":[],"meta":{},"tags":[]},{"ancestorTitles":["Main — init() keyboard shortcuts"],"fullName":"Main — init() keyboard shortcuts registers 's' key for config panel","status":"passed","title":"registers 's' key for config panel","duration":3.4711999999999534,"failureMessages":[],"meta":{},"tags":[]},{"ancestorTitles":["Main — init() keyboard shortcuts"],"fullName":"Main — init() keyboard shortcuts registers 'n' key for night dimmer","status":"passed","title":"registers 'n' key for night dimmer","duration":10.767499999999927,"failureMessages":[],"meta":{},"tags":[]},{"ancestorTitles":["Main — init() keyboard shortcuts"],"fullName":"Main — init() keyboard shortcuts registers '+' and '-' keys for font scale","status":"passed","title":"registers '+' and '-' keys for font scale","duration":4.409900000000562,"failureMessages":[],"meta":{},"tags":[]},{"ancestorTitles":["Main — init() keyboard shortcuts"],"fullName":"Main — init() keyboard shortcuts registers '=' key as alias for font scale up","status":"passed","title":"registers '=' key as alias for font scale up","duration":3.4032999999999447,"failureMessages":[],"meta":{},"tags":[]},{"ancestorTitles":["Main — init() keyboard shortcuts"],"fullName":"Main — init() keyboard shortcuts registers 'f' key for fullscreen","status":"passed","title":"registers 'f' key for fullscreen","duration":3.773799999999028,"failureMessages":[],"meta":{},"tags":[]},{"ancestorTitles":["Main — init() keyboard shortcuts"],"fullName":"Main — init() keyboard shortcuts registers 'b' key for bookmarks","status":"passed","title":"registers 'b' key for bookmarks","duration":65.3101999999999,"failureMessages":[],"meta":{},"tags":[]},{"ancestorTitles":["Main — init() keyboard shortcuts"],"fullName":"Main — init() keyboard shortcuts registers 'r' key for reload","status":"passed","title":"registers 'r' key for reload","duration":43.6929999999993,"failureMessages":[],"meta":{},"tags":[]},{"ancestorTitles":["Main — init() keyboard shortcuts"],"fullName":"Main — init() keyboard shortcuts registers 'h' and '?' keys for help","status":"passed","title":"registers 'h' and '?' keys for help","duration":3.190199999999095,"failureMessages":[],"meta":{},"tags":[]},{"ancestorTitles":["Main — init() keyboard shortcuts"],"fullName":"Main — init() keyboard shortcuts registers 'd' key for diagnostics","status":"passed","title":"registers 'd' key for diagnostics","duration":3.586300000000847,"failureMessages":[],"meta":{},"tags":[]},{"ancestorTitles":["Main — init() keyboard shortcuts"],"fullName":"Main — init() keyboard shortcuts registers 'escape' key for close overlays","status":"passed","title":"registers 'escape' key for close overlays","duration":24.146300000000338,"failureMessages":[],"meta":{},"tags":[]},{"ancestorTitles":["Main — init() keyboard shortcuts"],"fullName":"Main — init() keyboard shortcuts registers 'c' key for clock seconds","status":"passed","title":"registers 'c' key for clock seconds","duration":3.086699999999837,"failureMessages":[],"meta":{},"tags":[]},{"ancestorTitles":["Main — init() online/offline handlers"],"fullName":"Main — init() online/offline handlers shows toast on offline event","status":"passed","title":"shows toast on offline event","duration":13.068999999999505,"failureMessages":[],"meta":{},"tags":[]},{"ancestorTitles":["Main — init() online/offline handlers"],"fullName":"Main — init() online/offline handlers shows reconnect toast when coming online after offline","status":"passed","title":"shows reconnect toast when coming online after offline","duration":13.831200000000536,"failureMessages":[],"meta":{},"tags":[]},{"ancestorTitles":["Main — init() online/offline handlers"],"fullName":"Main — init() online/offline handlers does not show reconnect toast on online if never went offline","status":"passed","title":"does not show reconnect toast on online if never went offline","duration":4.266400000000431,"failureMessages":[],"meta":{},"tags":[]},{"ancestorTitles":["Main — init() online/offline handlers"],"fullName":"Main — init() online/offline handlers does not throw when online schedules reload and window.location.reload is missing","status":"passed","title":"does not throw when online schedules reload and window.location.reload is missing","duration":20.33100000000013,"failureMessages":[],"meta":{},"tags":[]},{"ancestorTitles":["Main — init() notif-bell wiring"],"fullName":"Main — init() notif-bell wiring wires click on #notif-bell to request notification permission","status":"passed","title":"wires click on #notif-bell to request notification permission","duration":15.989600000000792,"failureMessages":[],"meta":{},"tags":[]},{"ancestorTitles":["Main — init() help overlay toggle"],"fullName":"Main — init() help overlay toggle 'h' handler toggles help-overlay dialog open state","status":"passed","title":"'h' handler toggles help-overlay dialog open state","duration":58.761500000000524,"failureMessages":[],"meta":{},"tags":[]},{"ancestorTitles":["Main — init() help overlay toggle"],"fullName":"Main — init() help overlay toggle '?' handler toggles help-overlay dialog open state","status":"passed","title":"'?' handler toggles help-overlay dialog open state","duration":71.42789999999877,"failureMessages":[],"meta":{},"tags":[]},{"ancestorTitles":["Main — init() help overlay toggle"],"fullName":"Main — init() help overlay toggle '?' handler is no-op without help-overlay element","status":"passed","title":"'?' handler is no-op without help-overlay element","duration":11.557799999998679,"failureMessages":[],"meta":{},"tags":[]},{"ancestorTitles":["Main — init() keyboard lambda callbacks"],"fullName":"Main — init() keyboard lambda callbacks '+' handler calls stepFontScale(1)","status":"passed","title":"'+' handler calls stepFontScale(1)","duration":3.844699999999648,"failureMessages":[],"meta":{},"tags":[]},{"ancestorTitles":["Main — init() keyboard lambda callbacks"],"fullName":"Main — init() keyboard lambda callbacks '=' handler calls stepFontScale(1)","status":"passed","title":"'=' handler calls stepFontScale(1)","duration":2.948599999999715,"failureMessages":[],"meta":{},"tags":[]},{"ancestorTitles":["Main — init() keyboard lambda callbacks"],"fullName":"Main — init() keyboard lambda callbacks '-' handler calls stepFontScale(-1)","status":"passed","title":"'-' handler calls stepFontScale(-1)","duration":3.850000000000364,"failureMessages":[],"meta":{},"tags":[]},{"ancestorTitles":["Main — init() keyboard lambda callbacks"],"fullName":"Main — init() keyboard lambda callbacks 'b' handler calls toggleBookmarkMode()","status":"passed","title":"'b' handler calls toggleBookmarkMode()","duration":4.693799999999101,"failureMessages":[],"meta":{},"tags":[]},{"ancestorTitles":["Main — init() keyboard lambda callbacks"],"fullName":"Main — init() keyboard lambda callbacks 'r' handler calls window.location.reload()","status":"passed","title":"'r' handler calls window.location.reload()","duration":2.7973999999994703,"failureMessages":[],"meta":{},"tags":[]},{"ancestorTitles":["Main — init() keyboard lambda callbacks"],"fullName":"Main — init() keyboard lambda callbacks 'f' handler requests fullscreen when not fullscreen","status":"passed","title":"'f' handler requests fullscreen when not fullscreen","duration":2.8990999999987253,"failureMessages":[],"meta":{},"tags":[]},{"ancestorTitles":["Main — init() keyboard lambda callbacks"],"fullName":"Main — init() keyboard lambda callbacks 'f' handler exits fullscreen when already fullscreen","status":"passed","title":"'f' handler exits fullscreen when already fullscreen","duration":5.421500000000378,"failureMessages":[],"meta":{},"tags":[]},{"ancestorTitles":["Main — init() SW NETWORK_BACK message"],"fullName":"Main — init() SW NETWORK_BACK message shows reconnect toast on NETWORK_BACK when not offline","status":"passed","title":"shows reconnect toast on NETWORK_BACK when not offline","duration":7.9408000000003085,"failureMessages":[],"meta":{},"tags":[]},{"ancestorTitles":["Main — init() SW NETWORK_BACK message"],"fullName":"Main — init() SW NETWORK_BACK message does NOT show NETWORK_BACK toast when already in offline state","status":"passed","title":"does NOT show NETWORK_BACK toast when already in offline state","duration":4.341000000000349,"failureMessages":[],"meta":{},"tags":[]},{"ancestorTitles":["Main — init() SW NETWORK_BACK message"],"fullName":"Main — init() SW NETWORK_BACK message ignores SW message with unrelated type","status":"passed","title":"ignores SW message with unrelated type","duration":4.5406999999995605,"failureMessages":[],"meta":{},"tags":[]},{"ancestorTitles":["Main — applyHiddenCards"],"fullName":"Main — applyHiddenCards hides a card whose id is in hiddenCards","status":"passed","title":"hides a card whose id is in hiddenCards","duration":12.634500000000116,"failureMessages":[],"meta":{},"tags":[]},{"ancestorTitles":["Main — applyHiddenCards"],"fullName":"Main — applyHiddenCards shows a card whose id is NOT in hiddenCards","status":"passed","title":"shows a card whose id is NOT in hiddenCards","duration":24.224500000000262,"failureMessages":[],"meta":{},"tags":[]},{"ancestorTitles":["Main — applyHiddenCards"],"fullName":"Main — applyHiddenCards handles multiple cards: hides some, shows others","status":"passed","title":"handles multiple cards: hides some, shows others","duration":6.65599999999904,"failureMessages":[],"meta":{},"tags":[]},{"ancestorTitles":["Main — applyHiddenCards"],"fullName":"Main — applyHiddenCards does not throw when no [data-card-id] elements exist","status":"passed","title":"does not throw when no [data-card-id] elements exist","duration":1.1486999999997352,"failureMessages":[],"meta":{},"tags":[]},{"ancestorTitles":["Main — applyHiddenCards"],"fullName":"Main — applyHiddenCards shows all cards when hiddenCards is empty array","status":"passed","title":"shows all cards when hiddenCards is empty array","duration":1.7520999999997002,"failureMessages":[],"meta":{},"tags":[]},{"ancestorTitles":["Main — applyCardLayout"],"fullName":"Main — applyCardLayout returns early when layout is null","status":"passed","title":"returns early when layout is null","duration":57.32159999999931,"failureMessages":[],"meta":{},"tags":[]},{"ancestorTitles":["Main — applyCardLayout"],"fullName":"Main — applyCardLayout moves a card to the correct column","status":"passed","title":"moves a card to the correct column","duration":4.978299999998853,"failureMessages":[],"meta":{},"tags":[]},{"ancestorTitles":["Main — applyCardLayout"],"fullName":"Main — applyCardLayout ignores unknown card ids silently","status":"passed","title":"ignores unknown card ids silently","duration":1.5593000000008033,"failureMessages":[],"meta":{},"tags":[]},{"ancestorTitles":["Main — applyCardLayout"],"fullName":"Main — applyCardLayout does not throw when column elements are missing","status":"passed","title":"does not throw when column elements are missing","duration":1.3214000000007218,"failureMessages":[],"meta":{},"tags":[]},{"ancestorTitles":["Main — applyCardSizes"],"fullName":"Main — applyCardSizes sets data-card-size on matching card element","status":"passed","title":"sets data-card-size on matching card element","duration":3.3401000000012573,"failureMessages":[],"meta":{},"tags":[]},{"ancestorTitles":["Main — applyCardSizes"],"fullName":"Main — applyCardSizes applies multiple card sizes in one call","status":"passed","title":"applies multiple card sizes in one call","duration":1.7703000000001339,"failureMessages":[],"meta":{},"tags":[]},{"ancestorTitles":["Main — applyCardSizes"],"fullName":"Main — applyCardSizes does not throw for unknown card id","status":"passed","title":"does not throw for unknown card id","duration":12.380600000000413,"failureMessages":[],"meta":{},"tags":[]},{"ancestorTitles":["Main — applyCardSizes"],"fullName":"Main — applyCardSizes does nothing when given an empty object","status":"passed","title":"does nothing when given an empty object","duration":1.9567000000006374,"failureMessages":[],"meta":{},"tags":[]},{"ancestorTitles":["Main — init() tasks and system-info cards"],"fullName":"Main — init() tasks and system-info cards calls initTasksCard","status":"passed","title":"calls initTasksCard","duration":39.54620000000068,"failureMessages":[],"meta":{},"tags":[]},{"ancestorTitles":["Main — init() tasks and system-info cards"],"fullName":"Main — init() tasks and system-info cards calls initSystemInfoCard","status":"passed","title":"calls initSystemInfoCard","duration":23.511599999999817,"failureMessages":[],"meta":{},"tags":[]},{"ancestorTitles":["Main — init() 'a' key alerts toggle"],"fullName":"Main — init() 'a' key alerts toggle registers 'a' key for alerts toggle","status":"passed","title":"registers 'a' key for alerts toggle","duration":14.027800000001662,"failureMessages":[],"meta":{},"tags":[]},{"ancestorTitles":["Main — init() 'a' key alerts toggle"],"fullName":"Main — init() 'a' key alerts toggle 'a' handler calls toggleAlerts and shows toast","status":"passed","title":"'a' handler calls toggleAlerts and shows toast","duration":53.51469999999972,"failureMessages":[],"meta":{},"tags":[]},{"ancestorTitles":["Main — init() 'a' key alerts toggle"],"fullName":"Main — init() 'a' key alerts toggle 'a' handler shows enabled toast when alerts are on","status":"passed","title":"'a' handler shows enabled toast when alerts are on","duration":4.714700000000448,"failureMessages":[],"meta":{},"tags":[]},{"ancestorTitles":["Main — init() 'a' key alerts toggle"],"fullName":"Main — init() 'a' key alerts toggle 'a' handler shows disabled toast when alerts are off","status":"passed","title":"'a' handler shows disabled toast when alerts are off","duration":4.543999999999869,"failureMessages":[],"meta":{},"tags":[]},{"ancestorTitles":["Main — init() URL hash config import"],"fullName":"Main — init() URL hash config import calls saveConfig when loadConfigFromHash returns config","status":"passed","title":"calls saveConfig when loadConfigFromHash returns config","duration":3.638300000000527,"failureMessages":[],"meta":{},"tags":[]},{"ancestorTitles":["Main — init() keyboard shortcuts — w/1/2/3/m (Sprint v7.12)"],"fullName":"Main — init() keyboard shortcuts — w/1/2/3/m (Sprint v7.12) registers 'w' key for °C/°F toggle","status":"passed","title":"registers 'w' key for °C/°F toggle","duration":4.544300000001385,"failureMessages":[],"meta":{},"tags":[]},{"ancestorTitles":["Main — init() keyboard shortcuts — w/1/2/3/m (Sprint v7.12)"],"fullName":"Main — init() keyboard shortcuts — w/1/2/3/m (Sprint v7.12) registers '1' key for weather city 1","status":"passed","title":"registers '1' key for weather city 1","duration":3.2371000000002823,"failureMessages":[],"meta":{},"tags":[]},{"ancestorTitles":["Main — init() keyboard shortcuts — w/1/2/3/m (Sprint v7.12)"],"fullName":"Main — init() keyboard shortcuts — w/1/2/3/m (Sprint v7.12) registers '2' key for weather city 2","status":"passed","title":"registers '2' key for weather city 2","duration":3.858799999999974,"failureMessages":[],"meta":{},"tags":[]},{"ancestorTitles":["Main — init() keyboard shortcuts — w/1/2/3/m (Sprint v7.12)"],"fullName":"Main — init() keyboard shortcuts — w/1/2/3/m (Sprint v7.12) registers '3' key for weather city 3","status":"passed","title":"registers '3' key for weather city 3","duration":3.280300000000352,"failureMessages":[],"meta":{},"tags":[]},{"ancestorTitles":["Main — init() keyboard shortcuts — w/1/2/3/m (Sprint v7.12)"],"fullName":"Main — init() keyboard shortcuts — w/1/2/3/m (Sprint v7.12) registers 'm' key for motivation next","status":"passed","title":"registers 'm' key for motivation next","duration":6.296100000001388,"failureMessages":[],"meta":{},"tags":[]},{"ancestorTitles":["Main — keyboard handlers for city tab shortcuts (Sprint v7.12)"],"fullName":"Main — keyboard handlers for city tab shortcuts (Sprint v7.12) '1' handler does not throw when tab is present in DOM","status":"passed","title":"'1' handler does not throw when tab is present in DOM","duration":5.993500000000495,"failureMessages":[],"meta":{},"tags":[]},{"ancestorTitles":["Main — keyboard handlers for city tab shortcuts (Sprint v7.12)"],"fullName":"Main — keyboard handlers for city tab shortcuts (Sprint v7.12) '2' handler does not throw when tab is present in DOM","status":"passed","title":"'2' handler does not throw when tab is present in DOM","duration":41.2586999999985,"failureMessages":[],"meta":{},"tags":[]},{"ancestorTitles":["Main — keyboard handlers for city tab shortcuts (Sprint v7.12)"],"fullName":"Main — keyboard handlers for city tab shortcuts (Sprint v7.12) '3' handler does not throw when tab is present in DOM","status":"passed","title":"'3' handler does not throw when tab is present in DOM","duration":14.958800000000338,"failureMessages":[],"meta":{},"tags":[]},{"ancestorTitles":["Main — keyboard handlers for city tab shortcuts (Sprint v7.12)"],"fullName":"Main — keyboard handlers for city tab shortcuts (Sprint v7.12) '1' handler does not throw when city-tab absent from DOM","status":"passed","title":"'1' handler does not throw when city-tab absent from DOM","duration":11.045000000000073,"failureMessages":[],"meta":{},"tags":[]},{"ancestorTitles":["Main — keyboard handlers for city tab shortcuts (Sprint v7.12)"],"fullName":"Main — keyboard handlers for city tab shortcuts (Sprint v7.12) 'w' handler is registered as a callable function","status":"passed","title":"'w' handler is registered as a callable function","duration":4.688200000000506,"failureMessages":[],"meta":{},"tags":[]},{"ancestorTitles":["Main — 'l' key registers warm tint toggle (F10 v7.2)"],"fullName":"Main — 'l' key registers warm tint toggle (F10 v7.2) 'l' key is registered via registerKey","status":"passed","title":"'l' key is registered via registerKey","duration":37.29849999999897,"failureMessages":[],"meta":{},"tags":[]},{"ancestorTitles":["Main — 'l' key registers warm tint toggle (F10 v7.2)"],"fullName":"Main — 'l' key registers warm tint toggle (F10 v7.2) 'l' handler calls setWarmTint with toggled value","status":"passed","title":"'l' handler calls setWarmTint with toggled value","duration":7.807099999999991,"failureMessages":[],"meta":{},"tags":[]},{"ancestorTitles":["Main — dynamic help overlay (F10 v7.3)"],"fullName":"Main — dynamic help overlay (F10 v7.3) populates #help-dynamic-keys when opening help dialog","status":"passed","title":"populates #help-dynamic-keys when opening help dialog","duration":7.234300000000076,"failureMessages":[],"meta":{},"tags":[]},{"ancestorTitles":["Main — dynamic help overlay (F10 v7.3)"],"fullName":"Main — dynamic help overlay (F10 v7.3) does not populate when getKeyboardActions returns empty","status":"passed","title":"does not populate when getKeyboardActions returns empty","duration":5.759600000001228,"failureMessages":[],"meta":{},"tags":[]}],"startTime":1776607134474,"endTime":1776607135957.7595,"status":"passed","message":"","name":"C:/Users/ryair/OneDrive - Intel Corporation/Documents/MyScripts/FamilyDashBoard/tests/unit/main.test.ts"},{"assertionResults":[{"ancestorTitles":["AlertsAdapter (Sprint 92)"],"fullName":"AlertsAdapter (Sprint 92) has correct id and displayName","status":"passed","title":"has correct id and displayName","duration":11.282199999999648,"failureMessages":[],"meta":{},"tags":[]},{"ancestorTitles":["AlertsAdapter (Sprint 92)"],"fullName":"AlertsAdapter (Sprint 92) returns cached data when available","status":"passed","title":"returns cached data when available","duration":1.9408000000003085,"failureMessages":[],"meta":{},"tags":[]},{"ancestorTitles":["AlertsAdapter (Sprint 92)"],"fullName":"AlertsAdapter (Sprint 92) fetches and validates array response","status":"passed","title":"fetches and validates array response","duration":95.02419999999984,"failureMessages":[],"meta":{},"tags":[]},{"ancestorTitles":["AlertsAdapter (Sprint 92)"],"fullName":"AlertsAdapter (Sprint 92) rejects non-array responses","status":"passed","title":"rejects non-array responses","duration":72.28909999999996,"failureMessages":[],"meta":{},"tags":[]},{"ancestorTitles":["AlertsAdapter (Sprint 92)"],"fullName":"AlertsAdapter (Sprint 92) returns failure on fetch error","status":"passed","title":"returns failure on fetch error","duration":1.711699999999837,"failureMessages":[],"meta":{},"tags":[]},{"ancestorTitles":["AlertsAdapter (Sprint 92)"],"fullName":"AlertsAdapter (Sprint 92) status() returns current health","status":"passed","title":"status() returns current health","duration":0.8369999999995343,"failureMessages":[],"meta":{},"tags":[]}],"startTime":1776607329835,"endTime":1776607330017.837,"status":"passed","message":"","name":"C:/Users/ryair/OneDrive - Intel Corporation/Documents/MyScripts/FamilyDashBoard/tests/unit/cards/alerts-adapter.test.ts"},{"assertionResults":[{"ancestorTitles":["Alerts — buildAlertItem"],"fullName":"Alerts — buildAlertItem returns null for event with no alerts","status":"passed","title":"returns null for event with no alerts","duration":7.404300000000148,"failureMessages":[],"meta":{},"tags":[]},{"ancestorTitles":["Alerts — buildAlertItem"],"fullName":"Alerts — buildAlertItem returns HTMLElement for valid event","status":"passed","title":"returns HTMLElement for valid event","duration":92.08759999999984,"failureMessages":[],"meta":{},"tags":[]},{"ancestorTitles":["Alerts — buildAlertItem"],"fullName":"Alerts — buildAlertItem includes 'past' class for old alert (>10min)","status":"passed","title":"includes 'past' class for old alert (>10min)","duration":2.5441000000000713,"failureMessages":[],"meta":{},"tags":[]},{"ancestorTitles":["Alerts — buildAlertItem"],"fullName":"Alerts — buildAlertItem includes 'active' class for recent alert (<10min)","status":"passed","title":"includes 'active' class for recent alert (<10min)","duration":28.974599999999555,"failureMessages":[],"meta":{},"tags":[]},{"ancestorTitles":["Alerts — buildAlertItem"],"fullName":"Alerts — buildAlertItem adds 'new-alert' class when highlightNew is true","status":"passed","title":"adds 'new-alert' class when highlightNew is true","duration":2.1959999999999127,"failureMessages":[],"meta":{},"tags":[]},{"ancestorTitles":["Alerts — buildAlertItem"],"fullName":"Alerts — buildAlertItem adds 'clone' class when isClone is true","status":"passed","title":"adds 'clone' class when isClone is true","duration":8.02140000000054,"failureMessages":[],"meta":{},"tags":[]},{"ancestorTitles":["Alerts — buildAlertItem"],"fullName":"Alerts — buildAlertItem displays city names in the element","status":"passed","title":"displays city names in the element","duration":2.375500000000102,"failureMessages":[],"meta":{},"tags":[]},{"ancestorTitles":["Alerts — buildAlertItem"],"fullName":"Alerts — buildAlertItem truncates long city list (>5 cities) with count","status":"passed","title":"truncates long city list (>5 cities) with count","duration":4.050500000000284,"failureMessages":[],"meta":{},"tags":[]},{"ancestorTitles":["Alerts — renderAlerts"],"fullName":"Alerts — renderAlerts populates scroll container with events","status":"passed","title":"populates scroll container with events","duration":19.513500000000022,"failureMessages":[],"meta":{},"tags":[]},{"ancestorTitles":["Alerts — renderAlerts"],"fullName":"Alerts — renderAlerts shows badge when highlightNew is true","status":"passed","title":"shows badge when highlightNew is true","duration":9.789200000000164,"failureMessages":[],"meta":{},"tags":[]},{"ancestorTitles":["Alerts — renderAlerts"],"fullName":"Alerts — renderAlerts handles empty array without throwing","status":"passed","title":"handles empty array without throwing","duration":3.417399999999361,"failureMessages":[],"meta":{},"tags":[]},{"ancestorTitles":["Alerts — setAlertsEnabled"],"fullName":"Alerts — setAlertsEnabled does not throw when called with false","status":"passed","title":"does not throw when called with false","duration":0.7445999999999913,"failureMessages":[],"meta":{},"tags":[]},{"ancestorTitles":["Alerts — setAlertsEnabled"],"fullName":"Alerts — setAlertsEnabled does not throw when called with true","status":"passed","title":"does not throw when called with true","duration":0.5983000000005632,"failureMessages":[],"meta":{},"tags":[]},{"ancestorTitles":["Alerts — setAlertsRealtime"],"fullName":"Alerts — setAlertsRealtime does not throw when enabling realtime mode","status":"passed","title":"does not throw when enabling realtime mode","duration":0.6575000000002547,"failureMessages":[],"meta":{},"tags":[]},{"ancestorTitles":["Alerts — setAlertsRealtime"],"fullName":"Alerts — setAlertsRealtime does not throw when disabling realtime mode","status":"passed","title":"does not throw when disabling realtime mode","duration":0.54070000000047,"failureMessages":[],"meta":{},"tags":[]},{"ancestorTitles":["Alerts — setAlertsRealtime"],"fullName":"Alerts — setAlertsRealtime accepts boolean toggle without error","status":"passed","title":"accepts boolean toggle without error","duration":0.5312000000003536,"failureMessages":[],"meta":{},"tags":[]},{"ancestorTitles":["Alerts — renderAlerts counter text"],"fullName":"Alerts — renderAlerts counter text counter text shows 24h alert count","status":"passed","title":"counter text shows 24h alert count","duration":7.758499999999913,"failureMessages":[],"meta":{},"tags":[]},{"ancestorTitles":["Alerts — renderAlerts counter text"],"fullName":"Alerts — renderAlerts counter text active event within 10min creates live-dot in counter","status":"passed","title":"active event within 10min creates live-dot in counter","duration":4.454000000000633,"failureMessages":[],"meta":{},"tags":[]},{"ancestorTitles":["Alerts — renderAlerts counter text"],"fullName":"Alerts — renderAlerts counter text past-only events do not create live-dot","status":"passed","title":"past-only events do not create live-dot","duration":8.373800000000301,"failureMessages":[],"meta":{},"tags":[]},{"ancestorTitles":["Alerts — renderAlerts counter text"],"fullName":"Alerts — renderAlerts counter text empty array shows 'אין התרעות' message","status":"passed","title":"empty array shows 'אין התרעות' message","duration":21.51890000000003,"failureMessages":[],"meta":{},"tags":[]},{"ancestorTitles":["Alerts — renderAlerts counter text"],"fullName":"Alerts — renderAlerts counter text clone rows are generated (scroll doubling)","status":"passed","title":"clone rows are generated (scroll doubling)","duration":42.030400000000554,"failureMessages":[],"meta":{},"tags":[]},{"ancestorTitles":["Alerts — renderAlerts counter text"],"fullName":"Alerts — renderAlerts counter text both normal and clone counters present","status":"passed","title":"both normal and clone counters present","duration":25.29410000000007,"failureMessages":[],"meta":{},"tags":[]},{"ancestorTitles":["Alerts — renderAlerts counter text"],"fullName":"Alerts — renderAlerts counter text injects #alerts-scroll-style element for animation","status":"passed","title":"injects #alerts-scroll-style element for animation","duration":3.124499999999898,"failureMessages":[],"meta":{},"tags":[]},{"ancestorTitles":["Alerts — renderAlerts counter text"],"fullName":"Alerts — renderAlerts counter text #alerts-scroll-style contains @keyframes alertsScroll","status":"passed","title":"#alerts-scroll-style contains @keyframes alertsScroll","duration":4.221000000000458,"failureMessages":[],"meta":{},"tags":[]},{"ancestorTitles":["Alerts — renderAlerts counter text"],"fullName":"Alerts — renderAlerts counter text renders all events up to 25","status":"passed","title":"renders all events up to 25","duration":141.6891999999998,"failureMessages":[],"meta":{},"tags":[]},{"ancestorTitles":["Alerts — renderAlerts counter text"],"fullName":"Alerts — renderAlerts counter text badge shows when highlightNew true and data non-empty","status":"passed","title":"badge shows when highlightNew true and data non-empty","duration":9.110200000000077,"failureMessages":[],"meta":{},"tags":[]},{"ancestorTitles":["Alerts — renderAlerts counter text"],"fullName":"Alerts — renderAlerts counter text no-op (no throw) when elScroll is null","status":"passed","title":"no-op (no throw) when elScroll is null","duration":1.600999999999658,"failureMessages":[],"meta":{},"tags":[]},{"ancestorTitles":["Alerts — loadAlerts via mocked fetch"],"fullName":"Alerts — loadAlerts via mocked fetch returns early without touching DOM when _enabled = false","status":"passed","title":"returns early without touching DOM when _enabled = false","duration":8.16319999999996,"failureMessages":[],"meta":{},"tags":[]},{"ancestorTitles":["Alerts — loadAlerts via mocked fetch"],"fullName":"Alerts — loadAlerts via mocked fetch renders .alert-item when fetch returns valid data","status":"passed","title":"renders .alert-item when fetch returns valid data","duration":7.730399999999463,"failureMessages":[],"meta":{},"tags":[]},{"ancestorTitles":["Alerts — loadAlerts via mocked fetch"],"fullName":"Alerts — loadAlerts via mocked fetch resolves without throw when fetch returns empty array","status":"passed","title":"resolves without throw when fetch returns empty array","duration":7.617799999999988,"failureMessages":[],"meta":{},"tags":[]},{"ancestorTitles":["Alerts — loadAlerts via mocked fetch"],"fullName":"Alerts — loadAlerts via mocked fetch resolves without throw when all fetches return non-ok","status":"passed","title":"resolves without throw when all fetches return non-ok","duration":5.158400000000256,"failureMessages":[],"meta":{},"tags":[]},{"ancestorTitles":["Alerts — loadAlerts via mocked fetch"],"fullName":"Alerts — loadAlerts via mocked fetch resolves without throw when fetch throws a network error","status":"passed","title":"resolves without throw when fetch throws a network error","duration":6.793700000000172,"failureMessages":[],"meta":{},"tags":[]},{"ancestorTitles":["Alerts — loadAlerts via mocked fetch"],"fullName":"Alerts — loadAlerts via mocked fetch parses allorigins proxy response (contents field)","status":"passed","title":"parses allorigins proxy response (contents field)","duration":12.231300000000374,"failureMessages":[],"meta":{},"tags":[]},{"ancestorTitles":["Alerts — loadAlerts via mocked fetch"],"fullName":"Alerts — loadAlerts via mocked fetch sets sync to ok after successful fetch","status":"passed","title":"sets sync to ok after successful fetch","duration":10.719699999999648,"failureMessages":[],"meta":{},"tags":[]},{"ancestorTitles":["Alerts — loadAlerts via mocked fetch"],"fullName":"Alerts — loadAlerts via mocked fetch schedules next poll (scheduleAlerts) after load completes","status":"passed","title":"schedules next poll (scheduleAlerts) after load completes","duration":4.364299999999275,"failureMessages":[],"meta":{},"tags":[]},{"ancestorTitles":["Alerts — scheduleAlerts interval branches"],"fullName":"Alerts — scheduleAlerts interval branches uses ALERT_INTERVAL_RT (10s) when _haveActive=true + _realtimeMode=true","status":"passed","title":"uses ALERT_INTERVAL_RT (10s) when _haveActive=true + _realtimeMode=true","duration":6.764400000000023,"failureMessages":[],"meta":{},"tags":[]},{"ancestorTitles":["Alerts — scheduleAlerts interval branches"],"fullName":"Alerts — scheduleAlerts interval branches uses ALERTS_ACTIVE interval when _haveActive=true + _realtimeMode=false","status":"passed","title":"uses ALERTS_ACTIVE interval when _haveActive=true + _realtimeMode=false","duration":13.281200000000354,"failureMessages":[],"meta":{},"tags":[]},{"ancestorTitles":["Alerts — scheduleAlerts interval branches"],"fullName":"Alerts — scheduleAlerts interval branches uses ALERTS_IDLE interval when no active alerts","status":"passed","title":"uses ALERTS_IDLE interval when no active alerts","duration":12.17830000000049,"failureMessages":[],"meta":{},"tags":[]},{"ancestorTitles":["Alerts — scheduleAlerts interval branches"],"fullName":"Alerts — scheduleAlerts interval branches notify path fires when new alert ID differs from previous","status":"passed","title":"notify path fires when new alert ID differs from previous","duration":10.810099999999693,"failureMessages":[],"meta":{},"tags":[]},{"ancestorTitles":["Alerts — loadAlerts page hidden"],"fullName":"Alerts — loadAlerts page hidden calls scheduleAlerts but skips fetch when page is hidden","status":"passed","title":"calls scheduleAlerts but skips fetch when page is hidden","duration":3.5913999999993393,"failureMessages":[],"meta":{},"tags":[]},{"ancestorTitles":["Alerts — initAlertsCard"],"fullName":"Alerts — initAlertsCard does not throw on init","status":"passed","title":"does not throw on init","duration":4.81919999999991,"failureMessages":[],"meta":{},"tags":[]},{"ancestorTitles":["Alerts — initAlertsCard"],"fullName":"Alerts — initAlertsCard caches DOM refs on init","status":"passed","title":"caches DOM refs on init","duration":8.723499999999149,"failureMessages":[],"meta":{},"tags":[]},{"ancestorTitles":["Alerts — loadAlerts success with new alert (full path)"],"fullName":"Alerts — loadAlerts success with new alert (full path) renders data from direct fetch and sets sync ok","status":"passed","title":"renders data from direct fetch and sets sync ok","duration":37.77280000000064,"failureMessages":[],"meta":{},"tags":[]},{"ancestorTitles":["Alerts — loadAlerts success with new alert (full path)"],"fullName":"Alerts — loadAlerts success with new alert (full path) detects new alert ID and marks highlightNew on second load","status":"passed","title":"detects new alert ID and marks highlightNew on second load","duration":15.637699999999313,"failureMessages":[],"meta":{},"tags":[]},{"ancestorTitles":["Alerts — loadAlerts success with new alert (full path)"],"fullName":"Alerts — loadAlerts success with new alert (full path) falls back to allorigins proxy when direct fails","status":"passed","title":"falls back to allorigins proxy when direct fails","duration":5.838999999999942,"failureMessages":[],"meta":{},"tags":[]},{"ancestorTitles":["Alerts — loadAlerts success with new alert (full path)"],"fullName":"Alerts — loadAlerts success with new alert (full path) handles empty data array (no alerts) gracefully","status":"passed","title":"handles empty data array (no alerts) gracefully","duration":3.478399999999965,"failureMessages":[],"meta":{},"tags":[]},{"ancestorTitles":["Alerts — loadAlerts success with new alert (full path)"],"fullName":"Alerts — loadAlerts success with new alert (full path) handles fetch throwing error","status":"passed","title":"handles fetch throwing error","duration":3.884399999999914,"failureMessages":[],"meta":{},"tags":[]},{"ancestorTitles":["Alerts — loadAlerts success with new alert (full path)"],"fullName":"Alerts — loadAlerts success with new alert (full path) triggers notify with AudioContext beep on new alert","status":"passed","title":"triggers notify with AudioContext beep on new alert","duration":36.855900000000474,"failureMessages":[],"meta":{},"tags":[]},{"ancestorTitles":["Alerts — setAlertsEnabled clears active timer"],"fullName":"Alerts — setAlertsEnabled clears active timer clearTimeout fires when disabling alerts after loadAlerts scheduled a timer","status":"passed","title":"clearTimeout fires when disabling alerts after loadAlerts scheduled a timer","duration":20.615999999999985,"failureMessages":[],"meta":{},"tags":[]},{"ancestorTitles":["Alerts — loadAlerts catch block with stale data"],"fullName":"Alerts — loadAlerts catch block with stale data catch block runs when cSet throws during data processing","status":"passed","title":"catch block runs when cSet throws during data processing","duration":15.759699999999611,"failureMessages":[],"meta":{},"tags":[]},{"ancestorTitles":["Alerts — notify with Notification permission granted"],"fullName":"Alerts — notify with Notification permission granted calls Notification with city names when isNew and permission granted","status":"passed","title":"calls Notification with city names when isNew and permission granted","duration":16.730499999999665,"failureMessages":[],"meta":{},"tags":[]},{"ancestorTitles":["Alerts — notify with Notification permission granted"],"fullName":"Alerts — notify with Notification permission granted filters out events with no alerts array (validation gate)","status":"passed","title":"filters out events with no alerts array (validation gate)","duration":17.746299999999792,"failureMessages":[],"meta":{},"tags":[]},{"ancestorTitles":["Alerts — notify with Notification permission granted"],"fullName":"Alerts — notify with Notification permission granted filters out alert zones with no cities property (validation gate)","status":"passed","title":"filters out alert zones with no cities property (validation gate)","duration":11.741399999999885,"failureMessages":[],"meta":{},"tags":[]},{"ancestorTitles":["Alerts — toggleAlerts / isAlertsEnabled"],"fullName":"Alerts — toggleAlerts / isAlertsEnabled isAlertsEnabled returns false after setAlertsEnabled(false)","status":"passed","title":"isAlertsEnabled returns false after setAlertsEnabled(false)","duration":0.6069000000006781,"failureMessages":[],"meta":{},"tags":[]},{"ancestorTitles":["Alerts — toggleAlerts / isAlertsEnabled"],"fullName":"Alerts — toggleAlerts / isAlertsEnabled isAlertsEnabled returns true after setAlertsEnabled(true)","status":"passed","title":"isAlertsEnabled returns true after setAlertsEnabled(true)","duration":0.5412000000005719,"failureMessages":[],"meta":{},"tags":[]},{"ancestorTitles":["Alerts — toggleAlerts / isAlertsEnabled"],"fullName":"Alerts — toggleAlerts / isAlertsEnabled toggleAlerts flips disabled → enabled","status":"passed","title":"toggleAlerts flips disabled → enabled","duration":0.5172999999995227,"failureMessages":[],"meta":{},"tags":[]},{"ancestorTitles":["Alerts — toggleAlerts / isAlertsEnabled"],"fullName":"Alerts — toggleAlerts / isAlertsEnabled toggleAlerts flips enabled → disabled","status":"passed","title":"toggleAlerts flips enabled → disabled","duration":0.7681000000002314,"failureMessages":[],"meta":{},"tags":[]},{"ancestorTitles":["Alerts — toggleAlerts / isAlertsEnabled"],"fullName":"Alerts — toggleAlerts / isAlertsEnabled double-toggle returns to original state","status":"passed","title":"double-toggle returns to original state","duration":1.7015000000001237,"failureMessages":[],"meta":{},"tags":[]},{"ancestorTitles":["Alerts — scheduleAlerts realtimeMode branch"],"fullName":"Alerts — scheduleAlerts realtimeMode branch uses the realtime interval when realtimeMode=true and haveActive=true","status":"passed","title":"uses the realtime interval when realtimeMode=true and haveActive=true","duration":2.5098000000007232,"failureMessages":[],"meta":{},"tags":[]},{"ancestorTitles":["Alerts — loadAlerts empty response else branch"],"fullName":"Alerts — loadAlerts empty response else branch handles empty alerts array without throwing","status":"passed","title":"handles empty alerts array without throwing","duration":39.70899999999983,"failureMessages":[],"meta":{},"tags":[]},{"ancestorTitles":["Alerts — loadAlerts empty response else branch"],"fullName":"Alerts — loadAlerts empty response else branch triggers notify path when a new alert ID differs from last","status":"passed","title":"triggers notify path when a new alert ID differs from last","duration":31.267899999999827,"failureMessages":[],"meta":{},"tags":[]},{"ancestorTitles":["Alerts — renderAlerts total24h++ branch (line 196)"],"fullName":"Alerts — renderAlerts total24h++ branch (line 196) increments total24h for alerts within last 24 hours","status":"passed","title":"increments total24h for alerts within last 24 hours","duration":3.1041999999997643,"failureMessages":[],"meta":{},"tags":[]},{"ancestorTitles":["Alerts — renderAlerts total24h++ branch (line 196)"],"fullName":"Alerts — renderAlerts total24h++ branch (line 196) counts zero for alerts outside 24h window (total24h++ FALSE branch)","status":"passed","title":"counts zero for alerts outside 24h window (total24h++ FALSE branch)","duration":3.1580000000003565,"failureMessages":[],"meta":{},"tags":[]},{"ancestorTitles":["Alerts — loadAlerts data[0]?.id ?? null (line 271)"],"fullName":"Alerts — loadAlerts data[0]?.id ?? null (line 271) uses null when alert event has no id field (line 271 ?? null branch)","status":"passed","title":"uses null when alert event has no id field (line 271 ?? null branch)","duration":23.195600000000013,"failureMessages":[],"meta":{},"tags":[]},{"ancestorTitles":["Alerts — renderAlerts highlightNew=true updates badge (line 186)"],"fullName":"Alerts — renderAlerts highlightNew=true updates badge (line 186) sets elBadge.textContent when highlightNew=true and badge is in DOM (line 186 TRUE)","status":"passed","title":"sets elBadge.textContent when highlightNew=true and badge is in DOM (line 186 TRUE)","duration":4.060800000000199,"failureMessages":[],"meta":{},"tags":[]},{"ancestorTitles":["Alerts — loadAlerts else block when fetch returns empty array (lines 287-290)"],"fullName":"Alerts — loadAlerts else block when fetch returns empty array (lines 287-290) hits else block (_haveActive=false) when fetchAlerts returns [] (lines 287-290)","status":"passed","title":"hits else block (_haveActive=false) when fetchAlerts returns [] (lines 287-290)","duration":17.796800000000076,"failureMessages":[],"meta":{},"tags":[]},{"ancestorTitles":["Alerts — loadAlerts catch block when cSet throws (lines 291-295)"],"fullName":"Alerts — loadAlerts catch block when cSet throws (lines 291-295) hits catch block when cSet throws after valid data received (lines 291-295)","status":"passed","title":"hits catch block when cSet throws after valid data received (lines 291-295)","duration":9.399400000000242,"failureMessages":[],"meta":{},"tags":[]},{"ancestorTitles":["Alerts — renderAlerts if(elBadge) FALSE branch (line 186)"],"fullName":"Alerts — renderAlerts if(elBadge) FALSE branch (line 186) skips badge update when elBadge is null and highlightNew=true (line 186 FALSE branch)","status":"passed","title":"skips badge update when elBadge is null and highlightNew=true (line 186 FALSE branch)","duration":2.8906999999999243,"failureMessages":[],"meta":{},"tags":[]},{"ancestorTitles":["Alerts — loadAlerts else block stale=null ternary FALSE (line 288)"],"fullName":"Alerts — loadAlerts else block stale=null ternary FALSE (line 288) takes stale?'ok':'error' FALSE path in else block when cache empty + all fetches fail (line 288)","status":"passed","title":"takes stale?'ok':'error' FALSE path in else block when cache empty + all fetches fail (line 288)","duration":3.192699999999604,"failureMessages":[],"meta":{},"tags":[]},{"ancestorTitles":["Alerts — loadAlerts catch block stale=null ternary FALSE (lines 291-293)"],"fullName":"Alerts — loadAlerts catch block stale=null ternary FALSE (lines 291-293) takes stale?'ok':'error' FALSE path in catch when cache empty + cSet throws (lines 291-293)","status":"passed","title":"takes stale?'ok':'error' FALSE path in catch when cache empty + cSet throws (lines 291-293)","duration":4.815300000000207,"failureMessages":[],"meta":{},"tags":[]},{"ancestorTitles":["Alerts — playBeep AudioContext unavailable (no throw)"],"fullName":"Alerts — playBeep AudioContext unavailable (no throw) does not throw when AudioContext and webkitAudioContext are both undefined","status":"passed","title":"does not throw when AudioContext and webkitAudioContext are both undefined","duration":47.07840000000033,"failureMessages":[],"meta":{},"tags":[]},{"ancestorTitles":["Alerts — notify without Notification API (no throw)"],"fullName":"Alerts — notify without Notification API (no throw) does not throw when typeof Notification === 'undefined'","status":"passed","title":"does not throw when typeof Notification === 'undefined'","duration":53.333299999999326,"failureMessages":[],"meta":{},"tags":[]},{"ancestorTitles":["Alerts — notify Notification.permission not granted (no throw)"],"fullName":"Alerts — notify Notification.permission not granted (no throw) does not throw when Notification.permission is 'denied'","status":"passed","title":"does not throw when Notification.permission is 'denied'","duration":15.095000000000255,"failureMessages":[],"meta":{},"tags":[]},{"ancestorTitles":["Alerts — renderAlerts elScroll null (no throw)"],"fullName":"Alerts — renderAlerts elScroll null (no throw) returns immediately without throwing when elScroll is null","status":"passed","title":"returns immediately without throwing when elScroll is null","duration":33.975399999999354,"failureMessages":[],"meta":{},"tags":[]},{"ancestorTitles":["Alerts — fetchAlerts !res.ok falls through to next proxy"],"fullName":"Alerts — fetchAlerts !res.ok falls through to next proxy skips non-ok responses and falls through chain returning []","status":"passed","title":"skips non-ok responses and falls through chain returning []","duration":5.843799999999646,"failureMessages":[],"meta":{},"tags":[]},{"ancestorTitles":["Alerts — buildAlertItem THREAT_LABELS fallback (unknown threat)"],"fullName":"Alerts — buildAlertItem THREAT_LABELS fallback (unknown threat) uses '⚠️ התרעה' fallback for threat value not in THREAT_LABELS","status":"passed","title":"uses '⚠️ התרעה' fallback for threat value not in THREAT_LABELS","duration":1.5771000000004278,"failureMessages":[],"meta":{},"tags":[]},{"ancestorTitles":["Alerts — renderAlerts badge null guard (no throw)"],"fullName":"Alerts — renderAlerts badge null guard (no throw) does not throw when badge element is null during highlight","status":"passed","title":"does not throw when badge element is null during highlight","duration":6.884900000000016,"failureMessages":[],"meta":{},"tags":[]},{"ancestorTitles":["Alerts — setAlertVolume / getAlertVolume (F2 v7.2)"],"fullName":"Alerts — setAlertVolume / getAlertVolume (F2 v7.2) getAlertVolume returns 18 by default","status":"passed","title":"getAlertVolume returns 18 by default","duration":22.536200000000463,"failureMessages":[],"meta":{},"tags":[]},{"ancestorTitles":["Alerts — setAlertVolume / getAlertVolume (F2 v7.2)"],"fullName":"Alerts — setAlertVolume / getAlertVolume (F2 v7.2) setAlertVolume updates getAlertVolume","status":"passed","title":"setAlertVolume updates getAlertVolume","duration":4.149999999999636,"failureMessages":[],"meta":{},"tags":[]},{"ancestorTitles":["Alerts — setAlertVolume / getAlertVolume (F2 v7.2)"],"fullName":"Alerts — setAlertVolume / getAlertVolume (F2 v7.2) setAlertVolume clamps to 0-100","status":"passed","title":"setAlertVolume clamps to 0-100","duration":3.865000000000691,"failureMessages":[],"meta":{},"tags":[]},{"ancestorTitles":["Alerts — clearUnreadAlerts resets badge and document.title"],"fullName":"Alerts — clearUnreadAlerts resets badge and document.title clearUnreadAlerts hides badge and clears unread count","status":"passed","title":"clearUnreadAlerts hides badge and clears unread count","duration":8.935300000000097,"failureMessages":[],"meta":{},"tags":[]},{"ancestorTitles":["Alerts — clearUnreadAlerts resets badge and document.title"],"fullName":"Alerts — clearUnreadAlerts resets badge and document.title clearUnreadAlerts without badge element does not throw","status":"passed","title":"clearUnreadAlerts without badge element does not throw","duration":7.818100000000413,"failureMessages":[],"meta":{},"tags":[]},{"ancestorTitles":["Alerts — clearUnreadAlerts resets badge and document.title"],"fullName":"Alerts — clearUnreadAlerts resets badge and document.title renderAlerts with highlightNew=true updates document.title with unread count","status":"passed","title":"renderAlerts with highlightNew=true updates document.title with unread count","duration":7.095299999999952,"failureMessages":[],"meta":{},"tags":[]},{"ancestorTitles":["Alerts — alertThreatIcon (Sprint 28)"],"fullName":"Alerts — alertThreatIcon (Sprint 28) returns 🔴 for threat 0","status":"passed","title":"returns 🔴 for threat 0","duration":0.48430000000007567,"failureMessages":[],"meta":{},"tags":[]},{"ancestorTitles":["Alerts — alertThreatIcon (Sprint 28)"],"fullName":"Alerts — alertThreatIcon (Sprint 28) returns 🔴 for threat 1","status":"passed","title":"returns 🔴 for threat 1","duration":0.37080000000059954,"failureMessages":[],"meta":{},"tags":[]},{"ancestorTitles":["Alerts — alertThreatIcon (Sprint 28)"],"fullName":"Alerts — alertThreatIcon (Sprint 28) returns 🟡 for threat 5 (hostile aircraft)","status":"passed","title":"returns 🟡 for threat 5 (hostile aircraft)","duration":0.4746000000004642,"failureMessages":[],"meta":{},"tags":[]},{"ancestorTitles":["Alerts — alertThreatIcon (Sprint 28)"],"fullName":"Alerts — alertThreatIcon (Sprint 28) returns 🟠 for unknown threat levels","status":"passed","title":"returns 🟠 for unknown threat levels","duration":0.5856999999996333,"failureMessages":[],"meta":{},"tags":[]},{"ancestorTitles":["Alerts — alertAgeLabel (Sprint 28)"],"fullName":"Alerts — alertAgeLabel (Sprint 28) returns 'עכשיו' for age < 1 minute","status":"passed","title":"returns 'עכשיו' for age < 1 minute","duration":0.4121000000004642,"failureMessages":[],"meta":{},"tags":[]},{"ancestorTitles":["Alerts — alertAgeLabel (Sprint 28)"],"fullName":"Alerts — alertAgeLabel (Sprint 28) returns 'לפני Nד׳' for minutes < 60","status":"passed","title":"returns 'לפני Nד׳' for minutes < 60","duration":0.4044000000003507,"failureMessages":[],"meta":{},"tags":[]},{"ancestorTitles":["Alerts — alertAgeLabel (Sprint 28)"],"fullName":"Alerts — alertAgeLabel (Sprint 28) returns 'לפני Nש׳' for hours >= 1","status":"passed","title":"returns 'לפני Nש׳' for hours >= 1","duration":0.48990000000048894,"failureMessages":[],"meta":{},"tags":[]},{"ancestorTitles":["Alerts — buildAlertItem Sprint 28: threat icon + age badge"],"fullName":"Alerts — buildAlertItem Sprint 28: threat icon + age badge includes threat icon in the threat span text","status":"passed","title":"includes threat icon in the threat span text","duration":1.5751000000000204,"failureMessages":[],"meta":{},"tags":[]},{"ancestorTitles":["Alerts — buildAlertItem Sprint 28: threat icon + age badge"],"fullName":"Alerts — buildAlertItem Sprint 28: threat icon + age badge includes .alert-age span","status":"passed","title":"includes .alert-age span","duration":1.3141000000005079,"failureMessages":[],"meta":{},"tags":[]}],"startTime":1776607141123,"endTime":1776607142264.3142,"status":"passed","message":"","name":"C:/Users/ryair/OneDrive - Intel Corporation/Documents/MyScripts/FamilyDashBoard/tests/unit/cards/alerts.test.ts"},{"assertionResults":[{"ancestorTitles":["Base Card — createCardLoader fresh cache hit"],"fullName":"Base Card — createCardLoader fresh cache hit renders from cache without calling fetchData","status":"passed","title":"renders from cache without calling fetchData","duration":23.42150000000038,"failureMessages":[],"meta":{},"tags":[]},{"ancestorTitles":["Base Card — createCardLoader fetch success"],"fullName":"Base Card — createCardLoader fetch success fetches, caches, and renders data when cache is empty","status":"passed","title":"fetches, caches, and renders data when cache is empty","duration":14.242200000000594,"failureMessages":[],"meta":{},"tags":[]},{"ancestorTitles":["Base Card — createCardLoader stale data shown while fetching"],"fullName":"Base Card — createCardLoader stale data shown while fetching renders stale data before fetch resolves","status":"passed","title":"renders stale data before fetch resolves","duration":2.1225999999987835,"failureMessages":[],"meta":{},"tags":[]},{"ancestorTitles":["Base Card — createCardLoader fetch error"],"fullName":"Base Card — createCardLoader fetch error sets error sync state when fetch throws and no stale data","status":"passed","title":"sets error sync state when fetch throws and no stale data","duration":8.742199999996956,"failureMessages":[],"meta":{},"tags":[]},{"ancestorTitles":["Base Card — createCardLoader fetch error"],"fullName":"Base Card — createCardLoader fetch error sets ok sync state when fetch throws but stale data exists","status":"passed","title":"sets ok sync state when fetch throws but stale data exists","duration":2.371999999999389,"failureMessages":[],"meta":{},"tags":[]},{"ancestorTitles":["Base Card — createCardLoader no-lock early return"],"fullName":"Base Card — createCardLoader no-lock early return does not fetch or render when lock is not acquired","status":"passed","title":"does not fetch or render when lock is not acquired","duration":1.2268000000003667,"failureMessages":[],"meta":{},"tags":[]},{"ancestorTitles":["Base Card — createCardLoader page hidden early return"],"fullName":"Base Card — createCardLoader page hidden early return does not fetch or render when page is not visible","status":"passed","title":"does not fetch or render when page is not visible","duration":1.1244000000006054,"failureMessages":[],"meta":{},"tags":[]},{"ancestorTitles":["Base Card — scheduleCard"],"fullName":"Base Card — scheduleCard returns a truthy timer handle","status":"passed","title":"returns a truthy timer handle","duration":178.2699999999968,"failureMessages":[],"meta":{},"tags":[]},{"ancestorTitles":["Base Card — scheduleCard"],"fullName":"Base Card — scheduleCard calls the load function after the interval passes","status":"passed","title":"calls the load function after the interval passes","duration":403.0701999999983,"failureMessages":[],"meta":{},"tags":[]},{"ancestorTitles":["Base Card — scheduleCard"],"fullName":"Base Card — scheduleCard calls load function repeatedly on each interval","status":"passed","title":"calls load function repeatedly on each interval","duration":12.356100000000879,"failureMessages":[],"meta":{},"tags":[]},{"ancestorTitles":["staleChip (Sprint 48)"],"fullName":"staleChip (Sprint 48) returns NOW string for less than 60s","status":"passed","title":"returns NOW string for less than 60s","duration":162.87179999999717,"failureMessages":[],"meta":{},"tags":[]},{"ancestorTitles":["staleChip (Sprint 48)"],"fullName":"staleChip (Sprint 48) shows minutes for 1-59 minutes","status":"passed","title":"shows minutes for 1-59 minutes","duration":0.8894000000000233,"failureMessages":[],"meta":{},"tags":[]},{"ancestorTitles":["staleChip (Sprint 48)"],"fullName":"staleChip (Sprint 48) shows 1 hour for 60-119 minutes","status":"passed","title":"shows 1 hour for 60-119 minutes","duration":1.2391999999999825,"failureMessages":[],"meta":{},"tags":[]},{"ancestorTitles":["staleChip (Sprint 48)"],"fullName":"staleChip (Sprint 48) shows N hours for 2+ hours","status":"passed","title":"shows N hours for 2+ hours","duration":1.5629999999982829,"failureMessages":[],"meta":{},"tags":[]},{"ancestorTitles":["staleChip (Sprint 48)"],"fullName":"staleChip (Sprint 48) shows single day form for 1 day","status":"passed","title":"shows single day form for 1 day","duration":0.7415999999975611,"failureMessages":[],"meta":{},"tags":[]},{"ancestorTitles":["staleChip (Sprint 48)"],"fullName":"staleChip (Sprint 48) shows plural day form for 2+ days","status":"passed","title":"shows plural day form for 2+ days","duration":1.0197000000007392,"failureMessages":[],"meta":{},"tags":[]},{"ancestorTitles":["createSkeleton (Sprint 51)"],"fullName":"createSkeleton (Sprint 51) returns a div with class card-skeleton","status":"passed","title":"returns a div with class card-skeleton","duration":2.636900000001333,"failureMessages":[],"meta":{},"tags":[]},{"ancestorTitles":["createSkeleton (Sprint 51)"],"fullName":"createSkeleton (Sprint 51) renders 3 lines by default","status":"passed","title":"renders 3 lines by default","duration":10.877099999997881,"failureMessages":[],"meta":{},"tags":[]},{"ancestorTitles":["createSkeleton (Sprint 51)"],"fullName":"createSkeleton (Spr
[...]
uncement message initTicker does not throw when custom message is empty string","status":"passed","title":"initTicker does not throw when custom message is empty string","duration":1.0617000000002008,"failureMessages":[],"meta":{},"tags":[]},{"ancestorTitles":["Ticker — renderTicker via cached data"],"fullName":"Ticker — renderTicker via cached data populates #halacha-ticker with ticker-item spans","status":"passed","title":"populates #halacha-ticker with ticker-item spans","duration":12.375,"failureMessages":[],"meta":{},"tags":[]},{"ancestorTitles":["Ticker — renderTicker via cached data"],"fullName":"Ticker — renderTicker via cached data creates clone spans for seamless scroll loop","status":"passed","title":"creates clone spans for seamless scroll loop","duration":2.951799999999821,"failureMessages":[],"meta":{},"tags":[]},{"ancestorTitles":["Ticker — renderTicker via cached data"],"fullName":"Ticker — renderTicker via cached data sets animationDuration on #halacha-ticker","status":"passed","title":"sets animationDuration on #halacha-ticker","duration":2.000500000000102,"failureMessages":[],"meta":{},"tags":[]},{"ancestorTitles":["Ticker — renderTicker via cached data"],"fullName":"Ticker — renderTicker via cached data renders the ref text from HalachaData","status":"passed","title":"renders the ref text from HalachaData","duration":2.6556000000000495,"failureMessages":[],"meta":{},"tags":[]},{"ancestorTitles":["Ticker — renderTicker via cached data"],"fullName":"Ticker — renderTicker via cached data renders each texts entry as a ticker-item","status":"passed","title":"renders each texts entry as a ticker-item","duration":6.535700000000361,"failureMessages":[],"meta":{},"tags":[]},{"ancestorTitles":["Ticker — renderTicker via cached data"],"fullName":"Ticker — renderTicker via cached data applies category CSS class (hc-tag-shabbat for שבת)","status":"passed","title":"applies category CSS class (hc-tag-shabbat for שבת)","duration":3.5465000000003783,"failureMessages":[],"meta":{},"tags":[]},{"ancestorTitles":["Ticker — renderTicker via cached data"],"fullName":"Ticker — renderTicker via cached data getHalachaData() returns the rendered data object","status":"passed","title":"getHalachaData() returns the rendered data object","duration":2.358100000000377,"failureMessages":[],"meta":{},"tags":[]},{"ancestorTitles":["Ticker — renderTicker via cached data"],"fullName":"Ticker — renderTicker via cached data renders excerpt in #hc-halacha","status":"passed","title":"renders excerpt in #hc-halacha","duration":2.676400000000285,"failureMessages":[],"meta":{},"tags":[]},{"ancestorTitles":["Ticker — renderTicker via cached data"],"fullName":"Ticker — renderTicker via cached data shows #hc-halacha-row when excerpt is non-empty","status":"passed","title":"shows #hc-halacha-row when excerpt is non-empty","duration":3.9452999999994063,"failureMessages":[],"meta":{},"tags":[]},{"ancestorTitles":["Ticker — renderTicker via cached data"],"fullName":"Ticker — renderTicker via cached data truncates long text at 90 chars with '...'","status":"passed","title":"truncates long text at 90 chars with '...'","duration":2.4041000000006534,"failureMessages":[],"meta":{},"tags":[]},{"ancestorTitles":["Ticker — renderTicker via cached data"],"fullName":"Ticker — renderTicker via cached data wires onclick on #hc-halacha-row when url present","status":"passed","title":"wires onclick on #hc-halacha-row when url present","duration":4.202199999999721,"failureMessages":[],"meta":{},"tags":[]},{"ancestorTitles":["Ticker — renderTicker with custom ticker message"],"fullName":"Ticker — renderTicker with custom ticker message custom message appears in ticker content","status":"passed","title":"custom message appears in ticker content","duration":74.14049999999952,"failureMessages":[],"meta":{},"tags":[]},{"ancestorTitles":["Ticker — renderTicker with custom ticker message"],"fullName":"Ticker — renderTicker with custom ticker message custom message element has ticker-custom-msg class","status":"passed","title":"custom message element has ticker-custom-msg class","duration":3.001600000000508,"failureMessages":[],"meta":{},"tags":[]},{"ancestorTitles":["Ticker — halachaCatClass categories"],"fullName":"Ticker — halachaCatClass categories kashrut category → hc-tag-kashrut","status":"passed","title":"kashrut category → hc-tag-kashrut","duration":56.28560000000016,"failureMessages":[],"meta":{},"tags":[]},{"ancestorTitles":["Ticker — halachaCatClass categories"],"fullName":"Ticker — halachaCatClass categories tefila category → hc-tag-tefila","status":"passed","title":"tefila category → hc-tag-tefila","duration":6.210699999999633,"failureMessages":[],"meta":{},"tags":[]},{"ancestorTitles":["Ticker — halachaCatClass categories"],"fullName":"Ticker — halachaCatClass categories moadim category → hc-tag-moadim","status":"passed","title":"moadim category → hc-tag-moadim","duration":6.10780000000068,"failureMessages":[],"meta":{},"tags":[]},{"ancestorTitles":["Ticker — halachaCatClass categories"],"fullName":"Ticker — halachaCatClass categories family category → hc-tag-family","status":"passed","title":"family category → hc-tag-family","duration":2.9749999999994543,"failureMessages":[],"meta":{},"tags":[]},{"ancestorTitles":["Ticker — halachaCatClass categories"],"fullName":"Ticker — halachaCatClass categories unknown category → no hc-tag class","status":"passed","title":"unknown category → no hc-tag class","duration":3.154199999999946,"failureMessages":[],"meta":{},"tags":[]},{"ancestorTitles":["Ticker — loadHalacha async null-calData path"],"fullName":"Ticker — loadHalacha async null-calData path handles null calData from fetchFromSefaria without throwing","status":"passed","title":"handles null calData from fetchFromSefaria without throwing","duration":1.7731999999996333,"failureMessages":[],"meta":{},"tags":[]},{"ancestorTitles":["Ticker — loadHalacha async null-calData path"],"fullName":"Ticker — loadHalacha async null-calData path handles fetchFromSefaria proxy success (allorigins) returning valid Sefaria calendar","status":"passed","title":"handles fetchFromSefaria proxy success (allorigins) returning valid Sefaria calendar","duration":4.630699999999706,"failureMessages":[],"meta":{},"tags":[]},{"ancestorTitles":["Ticker — loadHalacha async null-calData path"],"fullName":"Ticker — loadHalacha async null-calData path covers proxy non-allorigins ok path (no json wrapper)","status":"passed","title":"covers proxy non-allorigins ok path (no json wrapper)","duration":4.8760999999994965,"failureMessages":[],"meta":{},"tags":[]},{"ancestorTitles":["Ticker — loadHalacha full success rendering"],"fullName":"Ticker — loadHalacha full success rendering renders ticker after successful Sefaria fetch chain","status":"passed","title":"renders ticker after successful Sefaria fetch chain","duration":4.152099999999336,"failureMessages":[],"meta":{},"tags":[]},{"ancestorTitles":["Ticker — loadHalacha full success rendering"],"fullName":"Ticker — loadHalacha full success rendering handles text as string (not array)","status":"passed","title":"handles text as string (not array)","duration":2.6164000000007945,"failureMessages":[],"meta":{},"tags":[]},{"ancestorTitles":["Ticker — loadHalacha full success rendering"],"fullName":"Ticker — loadHalacha full success rendering halachaItem not found → diagLog and early return","status":"passed","title":"halachaItem not found → diagLog and early return","duration":1.605899999999565,"failureMessages":[],"meta":{},"tags":[]},{"ancestorTitles":["Ticker — loadHalacha full success rendering"],"fullName":"Ticker — loadHalacha full success rendering no Hebrew text version → diagLog and early return","status":"passed","title":"no Hebrew text version → diagLog and early return","duration":5.427700000000186,"failureMessages":[],"meta":{},"tags":[]},{"ancestorTitles":["Ticker — loadHalacha full success rendering"],"fullName":"Ticker — loadHalacha full success rendering empty versions array → diagLog and early return","status":"passed","title":"empty versions array → diagLog and early return","duration":1.626800000000003,"failureMessages":[],"meta":{},"tags":[]},{"ancestorTitles":["Ticker — loadHalacha full success rendering"],"fullName":"Ticker — loadHalacha full success rendering uses stale data first then fetches fresh","status":"passed","title":"uses stale data first then fetches fresh","duration":2.821700000000419,"failureMessages":[],"meta":{},"tags":[]},{"ancestorTitles":["Ticker — document.hidden guard"],"fullName":"Ticker — document.hidden guard skips loadHalacha when document is hidden","status":"passed","title":"skips loadHalacha when document is hidden","duration":1.7152999999998428,"failureMessages":[],"meta":{},"tags":[]},{"ancestorTitles":["Ticker — renderHalachaExcerpt no-url branch"],"fullName":"Ticker — renderHalachaExcerpt no-url branch sets onclick to null when url is empty","status":"passed","title":"sets onclick to null when url is empty","duration":3.0679000000000087,"failureMessages":[],"meta":{},"tags":[]},{"ancestorTitles":["Ticker — popup blocked catch branch"],"fullName":"Ticker — popup blocked catch branch does not throw when window.open is blocked","status":"passed","title":"does not throw when window.open is blocked","duration":6.2490999999999985,"failureMessages":[],"meta":{},"tags":[]},{"ancestorTitles":["Ticker — loadHalacha error branch"],"fullName":"Ticker — loadHalacha error branch handles json() throwing mid-flow without unhandled rejection","status":"passed","title":"handles json() throwing mid-flow without unhandled rejection","duration":1.99579999999969,"failureMessages":[],"meta":{},"tags":[]},{"ancestorTitles":["Ticker — loadHalacha error branch"],"fullName":"Ticker — loadHalacha error branch catch block fires when cSet throws during loadHalacha","status":"passed","title":"catch block fires when cSet throws during loadHalacha","duration":1.6906000000008135,"failureMessages":[],"meta":{},"tags":[]},{"ancestorTitles":["Ticker — fetchFromSefaria proxy chain branches"],"fullName":"Ticker — fetchFromSefaria proxy chain branches skips proxy when r.ok is false (L172 !r.ok branch)","status":"passed","title":"skips proxy when r.ok is false (L172 !r.ok branch)","duration":1.7651000000005297,"failureMessages":[],"meta":{},"tags":[]},{"ancestorTitles":["Ticker — fetchFromSefaria proxy chain branches"],"fullName":"Ticker — fetchFromSefaria proxy chain branches uses allorigins proxy JSON unwrapping when proxy URL includes 'allorigins' (L173-175)","status":"passed","title":"uses allorigins proxy JSON unwrapping when proxy URL includes 'allorigins' (L173-175)","duration":2.672599999999875,"failureMessages":[],"meta":{},"tags":[]},{"ancestorTitles":["Ticker — fetchFromSefaria proxy chain branches"],"fullName":"Ticker — fetchFromSefaria proxy chain branches allorigins with empty contents returns null (L175 null branch)","status":"passed","title":"allorigins with empty contents returns null (L175 null branch)","duration":1.7524999999995998,"failureMessages":[],"meta":{},"tags":[]},{"ancestorTitles":["Ticker — renderHalachaExcerpt no-url onclick=null branch"],"fullName":"Ticker — renderHalachaExcerpt no-url onclick=null branch clears onclick on hc-halacha-row when cached data has no url","status":"passed","title":"clears onclick on hc-halacha-row when cached data has no url","duration":3.2038000000002285,"failureMessages":[],"meta":{},"tags":[]},{"ancestorTitles":["Ticker — renderHalachaExcerpt no-url onclick=null branch"],"fullName":"Ticker — renderHalachaExcerpt no-url onclick=null branch sets onclick on hc-halacha-row when cached data has a url","status":"passed","title":"sets onclick on hc-halacha-row when cached data has a url","duration":2.67240000000038,"failureMessages":[],"meta":{},"tags":[]},{"ancestorTitles":["Ticker — loadHalacha no Hebrew version branch"],"fullName":"Ticker — loadHalacha no Hebrew version branch returns early and logs when no Hebrew text version found","status":"passed","title":"returns early and logs when no Hebrew text version found","duration":2.070799999999508,"failureMessages":[],"meta":{},"tags":[]},{"ancestorTitles":["Ticker — renderHalachaExcerpt empty text → display:none (line 142)"],"fullName":"Ticker — renderHalachaExcerpt empty text → display:none (line 142) sets hc-halacha-row display to none when excerpt is empty string","status":"passed","title":"sets hc-halacha-row display to none when excerpt is empty string","duration":7.302499999999782,"failureMessages":[],"meta":{},"tags":[]},{"ancestorTitles":["Ticker — fetchFromSefaria r.ok=false proxy chain fallback (line 163)"],"fullName":"Ticker — fetchFromSefaria r.ok=false proxy chain fallback (line 163) falls through to proxy chain when direct fetch returns r.ok=false","status":"passed","title":"falls through to proxy chain when direct fetch returns r.ok=false","duration":2.1968000000006214,"failureMessages":[],"meta":{},"tags":[]},{"ancestorTitles":["Ticker — loadHalacha displayValue missing → ?? title.he branch (line 238)"],"fullName":"Ticker — loadHalacha displayValue missing → ?? title.he branch (line 238) uses title.he when displayValue is absent (line 238 ?? branch)","status":"passed","title":"uses title.he when displayValue is absent (line 238 ?? branch)","duration":5.74579999999969,"failureMessages":[],"meta":{},"tags":[]},{"ancestorTitles":["Ticker — loadHalacha category?.[0] ?? '' fallback (line 239)"],"fullName":"Ticker — loadHalacha category?.[0] ?? '' fallback (line 239) uses category[0] when category[1] is absent (category[1] ?? category[0] branch)","status":"passed","title":"uses category[0] when category[1] is absent (category[1] ?? category[0] branch)","duration":2.1920000000000073,"failureMessages":[],"meta":{},"tags":[]},{"ancestorTitles":["Ticker — loadHalacha category?.[0] ?? '' fallback (line 239)"],"fullName":"Ticker — loadHalacha category?.[0] ?? '' fallback (line 239) uses empty string when category array is absent (category ?? '' fallback)","status":"passed","title":"uses empty string when category array is absent (category ?? '' fallback)","duration":1.9255000000002838,"failureMessages":[],"meta":{},"tags":[]},{"ancestorTitles":["Ticker — loadHalacha category?.[0] ?? '' fallback (line 239)"],"fullName":"Ticker — loadHalacha category?.[0] ?? '' fallback (line 239) renderTicker returns early when elTicker is not in DOM (line 117 !elTicker branch)","status":"passed","title":"renderTicker returns early when elTicker is not in DOM (line 117 !elTicker branch)","duration":1.2079000000003361,"failureMessages":[],"meta":{},"tags":[]},{"ancestorTitles":["Ticker — loadHalacha category?.[0] ?? '' fallback (line 239)"],"fullName":"Ticker — loadHalacha category?.[0] ?? '' fallback (line 239) renderTicker returns early when data.texts is empty (line 117 !texts.length branch)","status":"passed","title":"renderTicker returns early when data.texts is empty (line 117 !texts.length branch)","duration":1.5320000000001528,"failureMessages":[],"meta":{},"tags":[]},{"ancestorTitles":["Ticker — renderHalachaExcerpt early return when #hc-halacha absent (line 138)"],"fullName":"Ticker — renderHalachaExcerpt early return when #hc-halacha absent (line 138) returns early at line 138 when #hc-halacha is not in DOM","status":"passed","title":"returns early at line 138 when #hc-halacha is not in DOM","duration":1.2746999999999389,"failureMessages":[],"meta":{},"tags":[]},{"ancestorTitles":["Ticker — loadHalacha category with 1 element → category[1] ?? category[0] (line 240)"],"fullName":"Ticker — loadHalacha category with 1 element → category[1] ?? category[0] (line 240) uses category[0] when category has only 1 element (line 240 ?? [0] branch)","status":"passed","title":"uses category[0] when category has only 1 element (line 240 ?? [0] branch)","duration":2.195600000000013,"failureMessages":[],"meta":{},"tags":[]},{"ancestorTitles":["Ticker — applyTickerSpeed (v7.1.7)"],"fullName":"Ticker — applyTickerSpeed (v7.1.7) sets --ticker-duration CSS var to 30s for speed 3 (default)","status":"passed","title":"sets --ticker-duration CSS var to 30s for speed 3 (default)","duration":1.8338999999996304,"failureMessages":[],"meta":{},"tags":[]},{"ancestorTitles":["Ticker — applyTickerSpeed (v7.1.7)"],"fullName":"Ticker — applyTickerSpeed (v7.1.7) sets --ticker-duration to 60s for speed 1 (slowest)","status":"passed","title":"sets --ticker-duration to 60s for speed 1 (slowest)","duration":0.8032000000002881,"failureMessages":[],"meta":{},"tags":[]},{"ancestorTitles":["Ticker — applyTickerSpeed (v7.1.7)"],"fullName":"Ticker — applyTickerSpeed (v7.1.7) sets --ticker-duration to 12s for speed 5 (fastest)","status":"passed","title":"sets --ticker-duration to 12s for speed 5 (fastest)","duration":0.5241000000005442,"failureMessages":[],"meta":{},"tags":[]},{"ancestorTitles":["Ticker — applyTickerSpeed (v7.1.7)"],"fullName":"Ticker — applyTickerSpeed (v7.1.7) clamps out-of-range values (0 → 1, 9 → 5)","status":"passed","title":"clamps out-of-range values (0 → 1, 9 → 5)","duration":0.7179000000005544,"failureMessages":[],"meta":{},"tags":[]}],"startTime":1776607150426,"endTime":1776607150762.718,"status":"passed","message":"","name":"C:/Users/ryair/OneDrive - Intel Corporation/Documents/MyScripts/FamilyDashBoard/tests/unit/ui/ticker.test.ts"},{"assertionResults":[{"ancestorTitles":["Toast — showToast"],"fullName":"Toast — showToast sets textContent on the toast element","status":"passed","title":"sets textContent on the toast element","duration":125.88969999999972,"failureMessages":[],"meta":{},"tags":[]},{"ancestorTitles":["Toast — showToast"],"fullName":"Toast — showToast adds the visible class","status":"passed","title":"adds the visible class","duration":11.186799999999494,"failureMessages":[],"meta":{},"tags":[]},{"ancestorTitles":["Toast — showToast"],"fullName":"Toast — showToast removes visible class after duration","status":"passed","title":"removes visible class after duration","duration":3.418600000000879,"failureMessages":[],"meta":{},"tags":[]},{"ancestorTitles":["Toast — showToast"],"fullName":"Toast — showToast resets hide timer on repeated calls","status":"passed","title":"resets hide timer on repeated calls","duration":3.528200000000652,"failureMessages":[],"meta":{},"tags":[]},{"ancestorTitles":["Toast — showToast"],"fullName":"Toast — showToast does nothing when toast element is absent","status":"passed","title":"does nothing when toast element is absent","duration":4.632600000000821,"failureMessages":[],"meta":{},"tags":[]},{"ancestorTitles":["Toast — showToast"],"fullName":"Toast — showToast uses default 3000ms duration when none specified","status":"passed","title":"uses default 3000ms duration when none specified","duration":3.288700000000972,"failureMessages":[],"meta":{},"tags":[]},{"ancestorTitles":["Toast — showToast"],"fullName":"Toast — showToast shows Hebrew text correctly","status":"passed","title":"shows Hebrew text correctly","duration":2.830900000000838,"failureMessages":[],"meta":{},"tags":[]},{"ancestorTitles":["Toast — showToast"],"fullName":"Toast — showToast shows empty string toast without throwing","status":"passed","title":"shows empty string toast without throwing","duration":17.15480000000025,"failureMessages":[],"meta":{},"tags":[]},{"ancestorTitles":["Toast — showToast"],"fullName":"Toast — showToast toast is visible immediately after call","status":"passed","title":"toast is visible immediately after call","duration":7.153200000000652,"failureMessages":[],"meta":{},"tags":[]},{"ancestorTitles":["Toast — showToast"],"fullName":"Toast — showToast toast text updates on second call","status":"passed","title":"toast text updates on second call","duration":13.503899999999703,"failureMessages":[],"meta":{},"tags":[]}],"startTime":1776607242363,"endTime":1776607242569.504,"status":"passed","message":"","name":"C:/Users/ryair/OneDrive - Intel Corporation/Documents/MyScripts/FamilyDashBoard/tests/unit/ui/toast.test.ts"}]}