{"numTotalTestSuites":950,"numPassedTestSuites":948,"numFailedTestSuites":2,"numPendingTestSuites":0,"numTotalTests":2998,"numPassedTests":2997,"numFailedTests":1,"numPendingTests":0,"numTodoTests":0,"snapshot":{"added":0,"failure":false,"filesAdded":0,"filesRemoved":0,"filesRemovedList":[],"filesUnmatched":0,"filesUpdated":0,"matched":0,"total":0,"unchecked":0,"uncheckedKeysByFile":[],"unmatched":0,"updated":0,"didUpdate":false},"startTime":1776600757626,"success":false,"testResults":[{"assertionResults":[{"ancestorTitles":["Backoff — failure/success sequence"],"fullName":"Backoff — failure/success sequence fresh key has 1x delay (2^0 = 1)","status":"passed","title":"fresh key has 1x delay (2^0 = 1)","duration":10.931800000000294,"failureMessages":[],"meta":{},"tags":[]},{"ancestorTitles":["Backoff — failure/success sequence"],"fullName":"Backoff — failure/success sequence after 1 failure: delay = 2x (2^1)","status":"passed","title":"after 1 failure: delay = 2x (2^1)","duration":1.4244999999991705,"failureMessages":[],"meta":{},"tags":[]},{"ancestorTitles":["Backoff — failure/success sequence"],"fullName":"Backoff — failure/success sequence after 3 failures: delay = 8x (2^3)","status":"passed","title":"after 3 failures: delay = 8x (2^3)","duration":0.7880000000004657,"failureMessages":[],"meta":{},"tags":[]},{"ancestorTitles":["Backoff — failure/success sequence"],"fullName":"Backoff — failure/success sequence backoff caps at 32x (2^5) after 6+ failures","status":"passed","title":"backoff caps at 32x (2^5) after 6+ failures","duration":0.7273999999997613,"failureMessages":[],"meta":{},"tags":[]},{"ancestorTitles":["Backoff — failure/success sequence"],"fullName":"Backoff — failure/success sequence recordSuccess resets delay to 1x","status":"passed","title":"recordSuccess resets delay to 1x","duration":0.8191999999999098,"failureMessages":[],"meta":{},"tags":[]},{"ancestorTitles":["Backoff — failure/success sequence"],"fullName":"Backoff — failure/success sequence independent keys do not interfere","status":"passed","title":"independent keys do not interfere","duration":0.6512000000002445,"failureMessages":[],"meta":{},"tags":[]}],"startTime":1776601010148,"endTime":1776601010163.6511,"status":"passed","message":"","name":"C:/Users/ryair/OneDrive - Intel Corporation/Documents/MyScripts/FamilyDashBoard/tests/integration/backoff-sequence.test.ts"},{"assertionResults":[{"ancestorTitles":["Cache — cSet + cGet + cGetStale round-trip"],"fullName":"Cache — cSet + cGet + cGetStale round-trip cGet returns data immediately after cSet","status":"passed","title":"cGet returns data immediately after cSet","duration":14.039499999998952,"failureMessages":[],"meta":{},"tags":[]},{"ancestorTitles":["Cache — cSet + cGet + cGetStale round-trip"],"fullName":"Cache — cSet + cGet + cGetStale round-trip cGet returns null for unknown key","status":"passed","title":"cGet returns null for unknown key","duration":1.9099000000005617,"failureMessages":[],"meta":{},"tags":[]},{"ancestorTitles":["Cache — cSet + cGet + cGetStale round-trip"],"fullName":"Cache — cSet + cGet + cGetStale round-trip cGet returns null after TTL expires","status":"passed","title":"cGet returns null after TTL expires","duration":2.103800000000774,"failureMessages":[],"meta":{},"tags":[]},{"ancestorTitles":["Cache — cSet + cGet + cGetStale round-trip"],"fullName":"Cache — cSet + cGet + cGetStale round-trip cGetStale returns data even after TTL expires","status":"passed","title":"cGetStale returns data even after TTL expires","duration":1.5469000000011874,"failureMessages":[],"meta":{},"tags":[]},{"ancestorTitles":["Cache — cSet + cGet + cGetStale round-trip"],"fullName":"Cache — cSet + cGet + cGetStale round-trip cSet overwrites existing data","status":"passed","title":"cSet overwrites existing data","duration":2.215299999999843,"failureMessages":[],"meta":{},"tags":[]},{"ancestorTitles":["Cache — cSet + cGet + cGetStale round-trip"],"fullName":"Cache — cSet + cGet + cGetStale round-trip cGet respects TTL in milliseconds","status":"passed","title":"cGet respects TTL in milliseconds","duration":1.504000000000815,"failureMessages":[],"meta":{},"tags":[]}],"startTime":1776600945698,"endTime":1776600945721.504,"status":"passed","message":"","name":"C:/Users/ryair/OneDrive - Intel Corporation/Documents/MyScripts/FamilyDashBoard/tests/integration/cache-stale.test.ts"},{"assertionResults":[{"ancestorTitles":["Config export → import round-trip (Sprint 173)"],"fullName":"Config export → import round-trip (Sprint 173) shareConfigHash → loadConfigFromHash preserves all fields","status":"passed","title":"shareConfigHash → loadConfigFromHash preserves all fields","duration":17.092099999999846,"failureMessages":[],"meta":{},"tags":[]},{"ancestorTitles":["Config export → import round-trip (Sprint 173)"],"fullName":"Config export → import round-trip (Sprint 173) JSON.stringify → JSON.parse preserves config shape","status":"passed","title":"JSON.stringify → JSON.parse preserves config shape","duration":1.53610000000117,"failureMessages":[],"meta":{},"tags":[]},{"ancestorTitles":["Config export → import round-trip (Sprint 173)"],"fullName":"Config export → import round-trip (Sprint 173) resetConfig returns defaults after customization","status":"passed","title":"resetConfig returns defaults after customization","duration":4.382600000000821,"failureMessages":[],"meta":{},"tags":[]}],"startTime":1776600993195,"endTime":1776600993218.3826,"status":"passed","message":"","name":"C:/Users/ryair/OneDrive - Intel Corporation/Documents/MyScripts/FamilyDashBoard/tests/integration/config-export-import.test.ts"},{"assertionResults":[{"ancestorTitles":["Config — save and load round-trip"],"fullName":"Config — save and load round-trip loadConfig returns default when nothing saved","status":"passed","title":"loadConfig returns default when nothing saved","duration":8.287500000000364,"failureMessages":[],"meta":{},"tags":[]},{"ancestorTitles":["Config — save and load round-trip"],"fullName":"Config — save and load round-trip saveConfig persists theme, familyName, and tempUnit","status":"passed","title":"saveConfig persists theme, familyName, and tempUnit","duration":9.37960000000021,"failureMessages":[],"meta":{},"tags":[]},{"ancestorTitles":["Config — save and load round-trip"],"fullName":"Config — save and load round-trip configVersion is saved and reloaded","status":"passed","title":"configVersion is saved and reloaded","duration":1.281299999998737,"failureMessages":[],"meta":{},"tags":[]},{"ancestorTitles":["Config — save and load round-trip"],"fullName":"Config — save and load round-trip hiddenCards list is preserved across save/load","status":"passed","title":"hiddenCards list is preserved across save/load","duration":2.500799999999799,"failureMessages":[],"meta":{},"tags":[]},{"ancestorTitles":["Config — save and load round-trip"],"fullName":"Config — save and load round-trip members array is preserved across save/load","status":"passed","title":"members array is preserved across save/load","duration":2.0406000000002678,"failureMessages":[],"meta":{},"tags":[]},{"ancestorTitles":["Config — save and load round-trip"],"fullName":"Config — save and load round-trip fontScale is preserved across save/load","status":"passed","title":"fontScale is preserved across save/load","duration":1.063799999999901,"failureMessages":[],"meta":{},"tags":[]},{"ancestorTitles":["Config — save and load round-trip"],"fullName":"Config — save and load round-trip bgImages array is preserved across save/load","status":"passed","title":"bgImages array is preserved across save/load","duration":0.841099999999642,"failureMessages":[],"meta":{},"tags":[]}],"startTime":1776600989275,"endTime":1776600989300.841,"status":"passed","message":"","name":"C:/Users/ryair/OneDrive - Intel Corporation/Documents/MyScripts/FamilyDashBoard/tests/integration/config-save.test.ts"},{"assertionResults":[{"ancestorTitles":["System health snapshot (Sprint 126)"],"fullName":"System health snapshot (Sprint 126) assembles a complete health report","status":"passed","title":"assembles a complete health report","duration":11.898800000000847,"failureMessages":[],"meta":{},"tags":[]},{"ancestorTitles":["System health snapshot (Sprint 126)"],"fullName":"System health snapshot (Sprint 126) clean state produces zero health metrics","status":"passed","title":"clean state produces zero health metrics","duration":1.670799999999872,"failureMessages":[],"meta":{},"tags":[]}],"startTime":1776600995938,"endTime":1776600995951.671,"status":"passed","message":"","name":"C:/Users/ryair/OneDrive - Intel Corporation/Documents/MyScripts/FamilyDashBoard/tests/integration/health-snapshot.test.ts"},{"assertionResults":[{"ancestorTitles":["Provider adapter lifecycle (Sprint 174)"],"fullName":"Provider adapter lifecycle (Sprint 174) full lifecycle: success → latency → failure → backoff → recovery","status":"passed","title":"full lifecycle: success → latency → failure → backoff → recovery","duration":15.646899999999732,"failureMessages":[],"meta":{},"tags":[]},{"ancestorTitles":["Provider adapter lifecycle (Sprint 174)"],"fullName":"Provider adapter lifecycle (Sprint 174) multiple providers tracked independently","status":"passed","title":"multiple providers tracked independently","duration":1.6370999999999185,"failureMessages":[],"meta":{},"tags":[]},{"ancestorTitles":["Provider adapter lifecycle (Sprint 174)"],"fullName":"Provider adapter lifecycle (Sprint 174) latency history isolated per provider","status":"passed","title":"latency history isolated per provider","duration":1.043100000000777,"failureMessages":[],"meta":{},"tags":[]}],"startTime":1776600976625,"endTime":1776600976644.0432,"status":"passed","message":"","name":"C:/Users/ryair/OneDrive - Intel Corporation/Documents/MyScripts/FamilyDashBoard/tests/integration/provider-lifecycle.test.ts"},{"assertionResults":[{"ancestorTitles":["Sync dot — registration + state"],"fullName":"Sync dot — registration + state registered dot gets 'loading' class on setSync → loading","status":"passed","title":"registered dot gets 'loading' class on setSync → loading","duration":15.438399999999092,"failureMessages":[],"meta":{},"tags":[]},{"ancestorTitles":["Sync dot — registration + state"],"fullName":"Sync dot — registration + state registered dot keeps only 'sync-dot' class on setSync → ok","status":"passed","title":"registered dot keeps only 'sync-dot' class on setSync → ok","duration":3.2180000000007567,"failureMessages":[],"meta":{},"tags":[]},{"ancestorTitles":["Sync dot — registration + state"],"fullName":"Sync dot — registration + state registered dot gets 'error' class on setSync → error","status":"passed","title":"registered dot gets 'error' class on setSync → error","duration":1.8413000000000466,"failureMessages":[],"meta":{},"tags":[]},{"ancestorTitles":["Sync dot — registration + state"],"fullName":"Sync dot — registration + state syncBurst applies 'burst' class momentarily","status":"passed","title":"syncBurst applies 'burst' class momentarily","duration":1.8774000000012165,"failureMessages":[],"meta":{},"tags":[]},{"ancestorTitles":["Sync dot — registration + state"],"fullName":"Sync dot — registration + state unregistered pane names are ignored without throwing","status":"passed","title":"unregistered pane names are ignored without throwing","duration":2.9460999999992055,"failureMessages":[],"meta":{},"tags":[]},{"ancestorTitles":["Sync dot — registration + state"],"fullName":"Sync dot — registration + state re-registering a pane uses the new element","status":"passed","title":"re-registering a pane uses the new element","duration":2.1009999999987485,"failureMessages":[],"meta":{},"tags":[]}],"startTime":1776600962664,"endTime":1776600962692.101,"status":"passed","message":"","name":"C:/Users/ryair/OneDrive - Intel Corporation/Documents/MyScripts/FamilyDashBoard/tests/integration/sync-dots.test.ts"},{"assertionResults":[{"ancestorTitles":["Theme — applyTheme sets class on body element"],"fullName":"Theme — applyTheme sets class on body element applyTheme sets theme-blue class on body","status":"passed","title":"applyTheme sets theme-blue class on body","duration":14.548399999999674,"failureMessages":[],"meta":{},"tags":[]},{"ancestorTitles":["Theme — applyTheme sets class on body element"],"fullName":"Theme — applyTheme sets class on body element applyTheme 'black' sets theme-black on body","status":"passed","title":"applyTheme 'black' sets theme-black on body","duration":1.6292999999986932,"failureMessages":[],"meta":{},"tags":[]},{"ancestorTitles":["Theme — applyTheme sets class on body element"],"fullName":"Theme — applyTheme sets class on body element applyTheme 'matrix' sets theme-matrix on body","status":"passed","title":"applyTheme 'matrix' sets theme-matrix on body","duration":1.0871999999999389,"failureMessages":[],"meta":{},"tags":[]},{"ancestorTitles":["Theme — applyTheme sets class on body element"],"fullName":"Theme — applyTheme sets class on body element applyTheme 'amber' sets theme-amber on body","status":"passed","title":"applyTheme 'amber' sets theme-amber on body","duration":0.8834000000006199,"failureMessages":[],"meta":{},"tags":[]},{"ancestorTitles":["Theme — applyTheme sets class on body element"],"fullName":"Theme — applyTheme sets class on body element applyTheme 'purple' sets theme-purple on body","status":"passed","title":"applyTheme 'purple' sets theme-purple on body","duration":0.806800000000294,"failureMessages":[],"meta":{},"tags":[]},{"ancestorTitles":["Theme — applyTheme sets class on body element"],"fullName":"Theme — applyTheme sets class on body element applyTheme 'rose' sets theme-rose on body","status":"passed","title":"applyTheme 'rose' sets theme-rose on body","duration":0.8713999999999942,"failureMessages":[],"meta":{},"tags":[]},{"ancestorTitles":["Theme — applyTheme sets class on body element"],"fullName":"Theme — applyTheme sets class on body element currentTheme returns the current theme after applyTheme","status":"passed","title":"currentTheme returns the current theme after applyTheme","duration":0.7767000000003463,"failureMessages":[],"meta":{},"tags":[]},{"ancestorTitles":["Theme — applyTheme sets class on body element"],"fullName":"Theme — applyTheme sets class on body element theme integrates with config — saved theme is restored via applyTheme","status":"passed","title":"theme integrates with config — saved theme is restored via applyTheme","duration":9.430999999998676,"failureMessages":[],"meta":{},"tags":[]}],"startTime":1776600973133,"endTime":1776600973163.431,"status":"passed","message":"","name":"C:/Users/ryair/OneDrive - Intel Corporation/Documents/MyScripts/FamilyDashBoard/tests/integration/theme-switch.test.ts"},{"assertionResults":[{"ancestorTitles":["Main — applySeasonClass (F27 seasonal tint)"],"fullName":"Main — applySeasonClass (F27 seasonal tint) adds season-spring in April (month 3)","status":"passed","title":"adds season-spring in April (month 3)","duration":17.349500000000262,"failureMessages":[],"meta":{},"tags":[]},{"ancestorTitles":["Main — applySeasonClass (F27 seasonal tint)"],"fullName":"Main — applySeasonClass (F27 seasonal tint) adds season-summer in July (month 6)","status":"passed","title":"adds season-summer in July (month 6)","duration":6.436200000000099,"failureMessages":[],"meta":{},"tags":[]},{"ancestorTitles":["Main — applySeasonClass (F27 seasonal tint)"],"fullName":"Main — applySeasonClass (F27 seasonal tint) adds season-autumn in October (month 9)","status":"passed","title":"adds season-autumn in October (month 9)","duration":1.273300000000745,"failureMessages":[],"meta":{},"tags":[]},{"ancestorTitles":["Main — applySeasonClass (F27 seasonal tint)"],"fullName":"Main — applySeasonClass (F27 seasonal tint) adds season-winter in January (month 0)","status":"passed","title":"adds season-winter in January (month 0)","duration":1.3620999999984633,"failureMessages":[],"meta":{},"tags":[]},{"ancestorTitles":["Main — applySeasonClass (F27 seasonal tint)"],"fullName":"Main — applySeasonClass (F27 seasonal tint) adds season-winter in December (month 11)","status":"passed","title":"adds season-winter in December (month 11)","duration":1.0694000000003143,"failureMessages":[],"meta":{},"tags":[]},{"ancestorTitles":["Main — applySeasonClass (F27 seasonal tint)"],"fullName":"Main — applySeasonClass (F27 seasonal tint) adds season-spring for March (month 2, start of spring)","status":"passed","title":"adds season-spring for March (month 2, start of spring)","duration":0.7121000000006461,"failureMessages":[],"meta":{},"tags":[]},{"ancestorTitles":["Main — applySeasonClass (F27 seasonal tint)"],"fullName":"Main — applySeasonClass (F27 seasonal tint) adds season-autumn for November (month 10, end of autumn)","status":"passed","title":"adds season-autumn for November (month 10, end of autumn)","duration":0.6306000000004133,"failureMessages":[],"meta":{},"tags":[]},{"ancestorTitles":["Main — applySeasonClass (F27 seasonal tint)"],"fullName":"Main — applySeasonClass (F27 seasonal tint) only adds one season class at a time","status":"passed","title":"only adds one season class at a time","duration":1.1193999999995867,"failureMessages":[],"meta":{},"tags":[]},{"ancestorTitles":["Main — applySeasonClass (F27 seasonal tint)"],"fullName":"Main — applySeasonClass (F27 seasonal tint) does not throw when called","status":"passed","title":"does not throw when called","duration":2.3322000000007392,"failureMessages":[],"meta":{},"tags":[]},{"ancestorTitles":["Main — init() core setup"],"fullName":"Main — init() core setup calls cEvict on startup","status":"passed","title":"calls cEvict on startup","duration":18.600399999999354,"failureMessages":[],"meta":{},"tags":[]},{"ancestorTitles":["Main — init() core setup"],"fullName":"Main — init() core setup calls initVisibility","status":"passed","title":"calls initVisibility","duration":5.663899999999558,"failureMessages":[],"meta":{},"tags":[]},{"ancestorTitles":["Main — init() core setup"],"fullName":"Main — init() core setup calls initTheme","status":"passed","title":"calls initTheme","duration":3.369800000000396,"failureMessages":[],"meta":{},"tags":[]},{"ancestorTitles":["Main — init() core setup"],"fullName":"Main — init() core setup calls initScreenMode","status":"passed","title":"calls initScreenMode","duration":2.9293000000034226,"failureMessages":[],"meta":{},"tags":[]},{"ancestorTitles":["Main — init() core setup"],"fullName":"Main — init() core setup calls initKeyboard","status":"passed","title":"calls initKeyboard","duration":2.9218000000000757,"failureMessages":[],"meta":{},"tags":[]},{"ancestorTitles":["Main — init() core setup"],"fullName":"Main — init() core setup calls initHeader","status":"passed","title":"calls initHeader","duration":3.98240000000078,"failureMessages":[],"meta":{},"tags":[]},{"ancestorTitles":["Main — init() core setup"],"fullName":"Main — init() core setup calls initBgImages","status":"passed","title":"calls initBgImages","duration":3.1708999999973457,"failureMessages":[],"meta":{},"tags":[]},{"ancestorTitles":["Main — init() core setup"],"fullName":"Main — init() core setup calls initCardMaximize and initCardCollapse","status":"passed","title":"calls initCardMaximize and initCardCollapse","duration":5.005000000001019,"failureMessages":[],"meta":{},"tags":[]},{"ancestorTitles":["Main — init() core setup"],"fullName":"Main — init() core setup calls initStatusBar","status":"passed","title":"calls initStatusBar","duration":3.658400000000256,"failureMessages":[],"meta":{},"tags":[]},{"ancestorTitles":["Main — init() core setup"],"fullName":"Main — init() core setup calls initConfigPanel","status":"passed","title":"calls initConfigPanel","duration":120.20859999999811,"failureMessages":[],"meta":{},"tags":[]},{"ancestorTitles":["Main — init() core setup"],"fullName":"Main — init() core setup calls initDiagOverlay","status":"passed","title":"calls initDiagOverlay","duration":3.0244999999995343,"failureMessages":[],"meta":{},"tags":[]},{"ancestorTitles":["Main — init() core setup"],"fullName":"Main — init() core setup calls stampRefresh","status":"passed","title":"calls stampRefresh","duration":2.617099999999482,"failureMessages":[],"meta":{},"tags":[]},{"ancestorTitles":["Main — init() core setup"],"fullName":"Main — init() core setup calls registerSW","status":"passed","title":"calls registerSW","duration":2.5979000000006636,"failureMessages":[],"meta":{},"tags":[]},{"ancestorTitles":["Main — init() core setup"],"fullName":"Main — init() core setup calls diagLog with starting message","status":"passed","title":"calls diagLog with starting message","duration":7.417300000000978,"failureMessages":[],"meta":{},"tags":[]},{"ancestorTitles":["Main — init() core setup"],"fullName":"Main — init() core setup calls diagLog with initialized message","status":"passed","title":"calls diagLog with initialized message","duration":3.9861999999993714,"failureMessages":[],"meta":{},"tags":[]},{"ancestorTitles":["Main — init() card initialization"],"fullName":"Main — init() card initialization calls initWeatherCard","status":"passed","title":"calls initWeatherCard","duration":3.6899999999986903,"failureMessages":[],"meta":{},"tags":[]},{"ancestorTitles":["Main — init() card initialization"],"fullName":"Main — init() card initialization calls initNewsCard","status":"passed","title":"calls initNewsCard","duration":152.82979999999952,"failureMessages":[],"meta":{},"tags":[]},{"ancestorTitles":["Main — init() card initialization"],"fullName":"Main — init() card initialization calls initStocksCard","status":"passed","title":"calls initStocksCard","duration":4.4363999999986845,"failureMessages":[],"meta":{},"tags":[]},{"ancestorTitles":["Main — init() card initialization"],"fullName":"Main — init() card initialization calls initCurrencyCard","status":"passed","title":"calls initCurrencyCard","duration":12.815299999998388,"failureMessages":[],"meta":{},"tags":[]},{"ancestorTitles":["Main — init() card initialization"],"fullName":"Main — init() card initialization calls initAlertsCard","status":"passed","title":"calls initAlertsCard","duration":3.3395999999993364,"failureMessages":[],"meta":{},"tags":[]},{"ancestorTitles":["Main — init() card initialization"],"fullName":"Main — init() card initialization calls initMotivationCard","status":"passed","title":"calls initMotivationCard","duration":5.198099999997794,"failureMessages":[],"meta":{},"tags":[]},{"ancestorTitles":["Main — init() card initialization"],"fullName":"Main — init() card initialization calls initHebrewCalCard","status":"passed","title":"calls initHebrewCalCard","duration":4.446199999998498,"failureMessages":[],"meta":{},"tags":[]},{"ancestorTitles":["Main — init() card initialization"],"fullName":"Main — init() card initialization calls initCalendarCard","status":"passed","title":"calls initCalendarCard","duration":3.0516999999999825,"failureMessages":[],"meta":{},"tags":[]},{"ancestorTitles":["Main — init() card initialization"],"fullName":"Main — init() card initialization calls initTicker","status":"passed","title":"calls initTicker","duration":3.039600000000064,"failureMessages":[],"meta":{},"tags":[]},{"ancestorTitles":["Main — init() config-based setup"],"fullName":"Main — init() config-based setup passes nightDimLevel to initNightDimmer","status":"passed","title":"passes nightDimLevel to initNightDimmer","duration":6.6340000000018335,"failureMessages":[],"meta":{},"tags":[]},{"ancestorTitles":["Main — init() config-based setup"],"fullName":"Main — init() config-based setup passes alertsEnabled to setAlertsEnabled","status":"passed","title":"passes alertsEnabled to setAlertsEnabled","duration":4.202199999999721,"failureMessages":[],"meta":{},"tags":[]},{"ancestorTitles":["Main — init() config-based setup"],"fullName":"Main — init() config-based setup passes realtimeAlerts to setAlertsRealtime","status":"passed","title":"passes realtimeAlerts to setAlertsRealtime","duration":3.3526999999994587,"failureMessages":[],"meta":{},"tags":[]},{"ancestorTitles":["Main — init() config-based setup"],"fullName":"Main — init() config-based setup calls checkAutoTheme with config values","status":"passed","title":"calls checkAutoTheme with config values","duration":32.997699999999895,"failureMessages":[],"meta":{},"tags":[]},{"ancestorTitles":["Main — init() keyboard shortcuts"],"fullName":"Main — init() keyboard shortcuts registers 's' key for config panel","status":"passed","title":"registers 's' key for config panel","duration":31.92370000000301,"failureMessages":[],"meta":{},"tags":[]},{"ancestorTitles":["Main — init() keyboard shortcuts"],"fullName":"Main — init() keyboard shortcuts registers 'n' key for night dimmer","status":"passed","title":"registers 'n' key for night dimmer","duration":5.142199999998411,"failureMessages":[],"meta":{},"tags":[]},{"ancestorTitles":["Main — init() keyboard shortcuts"],"fullName":"Main — init() keyboard shortcuts registers '+' and '-' keys for font scale","status":"passed","title":"registers '+' and '-' keys for font scale","duration":12.812699999998586,"failureMessages":[],"meta":{},"tags":[]},{"ancestorTitles":["Main — init() keyboard shortcuts"],"fullName":"Main — init() keyboard shortcuts registers '=' key as alias for font scale up","status":"passed","title":"registers '=' key as alias for font scale up","duration":126.76889999999912,"failureMessages":[],"meta":{},"tags":[]},{"ancestorTitles":["Main — init() keyboard shortcuts"],"fullName":"Main — init() keyboard shortcuts registers 'f' key for fullscreen","status":"passed","title":"registers 'f' key for fullscreen","duration":3.32209999999759,"failureMessages":[],"meta":{},"tags":[]},{"ancestorTitles":["Main — init() keyboard shortcuts"],"fullName":"Main — init() keyboard shortcuts registers 'b' key for bookmarks","status":"passed","title":"registers 'b' key for bookmarks","duration":2.9390999999995984,"failureMessages":[],"meta":{},"tags":[]},{"ancestorTitles":["Main — init() keyboard shortcuts"],"fullName":"Main — init() keyboard shortcuts registers 'r' key for reload","status":"passed","title":"registers 'r' key for reload","duration":2.8214000000007218,"failureMessages":[],"meta":{},"tags":[]},{"ancestorTitles":["Main — init() keyboard shortcuts"],"fullName":"Main — init() keyboard shortcuts registers 'h' and '?' keys for help","status":"passed","title":"registers 'h' and '?' keys for help","duration":2.6925999999984924,"failureMessages":[],"meta":{},"tags":[]},{"ancestorTitles":["Main — init() keyboard shortcuts"],"fullName":"Main — init() keyboard shortcuts registers 'd' key for diagnostics","status":"passed","title":"registers 'd' key for diagnostics","duration":3.021199999999226,"failureMessages":[],"meta":{},"tags":[]},{"ancestorTitles":["Main — init() keyboard shortcuts"],"fullName":"Main — init() keyboard shortcuts registers 'escape' key for close overlays","status":"passed","title":"registers 'escape' key for close overlays","duration":4.359599999999773,"failureMessages":[],"meta":{},"tags":[]},{"ancestorTitles":["Main — init() keyboard shortcuts"],"fullName":"Main — init() keyboard shortcuts registers 'c' key for clock seconds","status":"passed","title":"registers 'c' key for clock seconds","duration":6.707800000000134,"failureMessages":[],"meta":{},"tags":[]},{"ancestorTitles":["Main — init() online/offline handlers"],"fullName":"Main — init() online/offline handlers shows toast on offline event","status":"passed","title":"shows toast on offline event","duration":4.1700999999993655,"failureMessages":[],"meta":{},"tags":[]},{"ancestorTitles":["Main — init() online/offline handlers"],"fullName":"Main — init() online/offline handlers shows reconnect toast when coming online after offline","status":"passed","title":"shows reconnect toast when coming online after offline","duration":5.995599999998376,"failureMessages":[],"meta":{},"tags":[]},{"ancestorTitles":["Main — init() online/offline handlers"],"fullName":"Main — init() online/offline handlers does not show reconnect toast on online if never went offline","status":"passed","title":"does not show reconnect toast on online if never went offline","duration":3.0570999999981723,"failureMessages":[],"meta":{},"tags":[]},{"ancestorTitles":["Main — init() online/offline handlers"],"fullName":"Main — init() online/offline handlers does not throw when online schedules reload and window.location.reload is missing","status":"passed","title":"does not throw when online schedules reload and window.location.reload is missing","duration":371.56380000000354,"failureMessages":[],"meta":{},"tags":[]},{"ancestorTitles":["Main — init() notif-bell wiring"],"fullName":"Main — init() notif-bell wiring wires click on #notif-bell to request notification permission","status":"passed","title":"wires click on #notif-bell to request notification permission","duration":85.27539999999863,"failureMessages":[],"meta":{},"tags":[]},{"ancestorTitles":["Main — init() help overlay toggle"],"fullName":"Main — init() help overlay toggle 'h' handler toggles help-overlay dialog open state","status":"passed","title":"'h' handler toggles help-overlay dialog open state","duration":266.2250000000022,"failureMessages":[],"meta":{},"tags":[]},{"ancestorTitles":["Main — init() help overlay toggle"],"fullName":"Main — init() help overlay toggle '?' handler toggles help-overlay dialog open state","status":"passed","title":"'?' handler toggles help-overlay dialog open state","duration":148.3778999999995,"failureMessages":[],"meta":{},"tags":[]},{"ancestorTitles":["Main — init() help overlay toggle"],"fullName":"Main — init() help overlay toggle '?' handler is no-op without help-overlay element","status":"passed","title":"'?' handler is no-op without help-overlay element","duration":153.65450000000055,"failureMessages":[],"meta":{},"tags":[]},{"ancestorTitles":["Main — init() keyboard lambda callbacks"],"fullName":"Main — init() keyboard lambda callbacks '+' handler calls stepFontScale(1)","status":"passed","title":"'+' handler calls stepFontScale(1)","duration":166.5096999999987,"failureMessages":[],"meta":{},"tags":[]},{"ancestorTitles":["Main — init() keyboard lambda callbacks"],"fullName":"Main — init() keyboard lambda callbacks '=' handler calls stepFontScale(1)","status":"passed","title":"'=' handler calls stepFontScale(1)","duration":13.501899999999296,"failureMessages":[],"meta":{},"tags":[]},{"ancestorTitles":["Main — init() keyboard lambda callbacks"],"fullName":"Main — init() keyboard lambda callbacks '-' handler calls stepFontScale(-1)","status":"passed","title":"'-' handler calls stepFontScale(-1)","duration":3.0306999999993423,"failureMessages":[],"meta":{},"tags":[]},{"ancestorTitles":["Main — init() keyboard lambda callbacks"],"fullName":"Main — init() keyboard lambda callbacks 'b' handler calls toggleBookmarkMode()","status":"passed","title":"'b' handler calls toggleBookmarkMode()","duration":193.67629999999917,"failureMessages":[],"meta":{},"tags":[]},{"ancestorTitles":["Main — init() keyboard lambda callbacks"],"fullName":"Main — init() keyboard lambda callbacks 'r' handler calls window.location.reload()","status":"passed","title":"'r' handler calls window.location.reload()","duration":2.9516999999977998,"failureMessages":[],"meta":{},"tags":[]},{"ancestorTitles":["Main — init() keyboard lambda callbacks"],"fullName":"Main — init() keyboard lambda callbacks 'f' handler requests fullscreen when not fullscreen","status":"passed","title":"'f' handler requests fullscreen when not fullscreen","duration":3.7556000000004133,"failureMessages":[],"meta":{},"tags":[]},{"ancestorTitles":["Main — init() keyboard lambda callbacks"],"fullName":"Main — init() keyboard lambda callbacks 'f' handler exits fullscreen when already fullscreen","status":"passed","title":"'f' handler exits fullscreen when already fullscreen","duration":17.349700000002485,"failureMessages":[],"meta":{},"tags":[]},{"ancestorTitles":["Main — init() SW NETWORK_BACK message"],"fullName":"Main — init() SW NETWORK_BACK message shows reconnect toast on NETWORK_BACK when not offline","status":"passed","title":"shows reconnect toast on NETWORK_BACK when not offline","duration":304.28299999999945,"failureMessages":[],"meta":{},"tags":[]},{"ancestorTitles":["Main — init() SW NETWORK_BACK message"],"fullName":"Main — init() SW NETWORK_BACK message does NOT show NETWORK_BACK toast when already in offline state","status":"passed","title":"does NOT show NETWORK_BACK toast when already in offline state","duration":3.9055000000007567,"failureMessages":[],"meta":{},"tags":[]},{"ancestorTitles":["Main — init() SW NETWORK_BACK message"],"fullName":"Main — init() SW NETWORK_BACK message ignores SW message with unrelated type","status":"passed","title":"ignores SW message with unrelated type","duration":3.3504999999968277,"failureMessages":[],"meta":{},"tags":[]},{"ancestorTitles":["Main — applyHiddenCards"],"fullName":"Main — applyHiddenCards hides a card whose id is in hiddenCards","status":"passed","title":"hides a card whose id is in hiddenCards","duration":2.6199000000015076,"failureMessages":[],"meta":{},"tags":[]},{"ancestorTitles":["Main — applyHiddenCards"],"fullName":"Main — applyHiddenCards shows a card whose id is NOT in hiddenCards","status":"passed","title":"shows a card whose id is NOT in hiddenCards","duration":2.1231000000007043,"failureMessages":[],"meta":{},"tags":[]},{"ancestorTitles":["Main — applyHiddenCards"],"fullName":"Main — applyHiddenCards handles multiple cards: hides some, shows others","status":"passed","title":"handles multiple cards: hides some, shows others","duration":159.75450000000274,"failureMessages":[],"meta":{},"tags":[]},{"ancestorTitles":["Main — applyHiddenCards"],"fullName":"Main — applyHiddenCards does not throw when no [data-card-id] elements exist","status":"passed","title":"does not throw when no [data-card-id] elements exist","duration":1.0609000000004016,"failureMessages":[],"meta":{},"tags":[]},{"ancestorTitles":["Main — applyHiddenCards"],"fullName":"Main — applyHiddenCards shows all cards when hiddenCards is empty array","status":"passed","title":"shows all cards when hiddenCards is empty array","duration":1.9906999999984691,"failureMessages":[],"meta":{},"tags":[]},{"ancestorTitles":["Main — applyCardLayout"],"fullName":"Main — applyCardLayout returns early when layout is null","status":"passed","title":"returns early when layout is null","duration":134.113400000002,"failureMessages":[],"meta":{},"tags":[]},{"ancestorTitles":["Main — applyCardLayout"],"fullName":"Main — applyCardLayout moves a card to the correct column","status":"passed","title":"moves a card to the correct column","duration":18.043499999999767,"failureMessages":[],"meta":{},"tags":[]},{"ancestorTitles":["Main — applyCardLayout"],"fullName":"Main — applyCardLayout ignores unknown card ids silently","status":"passed","title":"ignores unknown card ids silently","duration":1.8118999999969674,"failureMessages":[],"meta":{},"tags":[]},{"ancestorTitles":["Main — applyCardLayout"],"fullName":"Main — applyCardLayout does not throw when column elements are missing","status":"passed","title":"does not throw when column elements are missing","duration":9.007800000003044,"failureMessages":[],"meta":{},"tags":[]},{"ancestorTitles":["Main — applyCardSizes"],"fullName":"Main — applyCardSizes sets data-card-size on matching card element","status":"passed","title":"sets data-card-size on matching card element","duration":2.912499999998545,"failureMessages":[],"meta":{},"tags":[]},{"ancestorTitles":["Main — applyCardSizes"],"fullName":"Main — applyCardSizes applies multiple card sizes in one call","status":"passed","title":"applies multiple card sizes in one call","duration":1.471399999998539,"failureMessages":[],"meta":{},"tags":[]},{"ancestorTitles":["Main — applyCardSizes"],"fullName":"Main — applyCardSizes does not throw for unknown card id","status":"passed","title":"does not throw for unknown card id","duration":0.808099999998376,"failureMessages":[],"meta":{},"tags":[]},{"ancestorTitles":["Main — applyCardSizes"],"fullName":"Main — applyCardSizes does nothing when given an empty object","status":"passed","title":"does nothing when given an empty object","duration":0.7546000000002095,"failureMessages":[],"meta":{},"tags":[]},{"ancestorTitles":["Main — init() tasks and system-info cards"],"fullName":"Main — init() tasks and system-info cards calls initTasksCard","status":"passed","title":"calls initTasksCard","duration":11.662700000000768,"failureMessages":[],"meta":{},"tags":[]},{"ancestorTitles":["Main — init() tasks and system-info cards"],"fullName":"Main — init() tasks and system-info cards calls initSystemInfoCard","status":"passed","title":"calls initSystemInfoCard","duration":3.506099999998696,"failureMessages":[],"meta":{},"tags":[]},{"ancestorTitles":["Main — init() 'a' key alerts toggle"],"fullName":"Main — init() 'a' key alerts toggle registers 'a' key for alerts toggle","status":"passed","title":"registers 'a' key for alerts toggle","duration":145.6934000000001,"failureMessages":[],"meta":{},"tags":[]},{"ancestorTitles":["Main — init() 'a' key alerts toggle"],"fullName":"Main — init() 'a' key alerts toggle 'a' handler calls toggleAlerts and shows toast","status":"passed","title":"'a' handler calls toggleAlerts and shows toast","duration":5.703199999999924,"failureMessages":[],"meta":{},"tags":[]},{"ancestorTitles":["Main — init() 'a' key alerts toggle"],"fullName":"Main — init() 'a' key alerts toggle 'a' handler shows enabled toast when alerts are on","status":"passed","title":"'a' handler shows enabled toast when alerts are on","duration":12.498399999996764,"failureMessages":[],"meta":{},"tags":[]},{"ancestorTitles":["Main — init() 'a' key alerts toggle"],"fullName":"Main — init() 'a' key alerts toggle 'a' handler shows disabled toast when alerts are off","status":"passed","title":"'a' handler shows disabled toast when alerts are off","duration":3.650100000002567,"failureMessages":[],"meta":{},"tags":[]},{"ancestorTitles":["Main — init() URL hash config import"],"fullName":"Main — init() URL hash config import calls saveConfig when loadConfigFromHash returns config","status":"passed","title":"calls saveConfig when loadConfigFromHash returns config","duration":14.817200000001321,"failureMessages":[],"meta":{},"tags":[]},{"ancestorTitles":["Main — init() keyboard shortcuts — w/1/2/3/m (Sprint v7.12)"],"fullName":"Main — init() keyboard shortcuts — w/1/2/3/m (Sprint v7.12) registers 'w' key for °C/°F toggle","status":"passed","title":"registers 'w' key for °C/°F toggle","duration":3.414100000001781,"failureMessages":[],"meta":{},"tags":[]},{"ancestorTitles":["Main — init() keyboard shortcuts — w/1/2/3/m (Sprint v7.12)"],"fullName":"Main — init() keyboard shortcuts — w/1/2/3/m (Sprint v7.12) registers '1' key for weather city 1","status":"passed","title":"registers '1' key for weather city 1","duration":7.799999999999272,"failureMessages":[],"meta":{},"tags":[]},{"ancestorTitles":["Main — init() keyboard shortcuts — w/1/2/3/m (Sprint v7.12)"],"fullName":"Main — init() keyboard shortcuts — w/1/2/3/m (Sprint v7.12) registers '2' key for weather city 2","status":"passed","title":"registers '2' key for weather city 2","duration":4.231899999998859,"failureMessages":[],"meta":{},"tags":[]},{"ancestorTitles":["Main — init() keyboard shortcuts — w/1/2/3/m (Sprint v7.12)"],"fullName":"Main — init() keyboard shortcuts — w/1/2/3/m (Sprint v7.12) registers '3' key for weather city 3","status":"passed","title":"registers '3' key for weather city 3","duration":13.503999999997177,"failureMessages":[],"meta":{},"tags":[]},{"ancestorTitles":["Main — init() keyboard shortcuts — w/1/2/3/m (Sprint v7.12)"],"fullName":"Main — init() keyboard shortcuts — w/1/2/3/m (Sprint v7.12) registers 'm' key for motivation next","status":"passed","title":"registers 'm' key for motivation next","duration":5.179900000002817,"failureMessages":[],"meta":{},"tags":[]},{"ancestorTitles":["Main — keyboard handlers for city tab shortcuts (Sprint v7.12)"],"fullName":"Main — keyboard handlers for city tab shortcuts (Sprint v7.12) '1' handler does not throw when tab is present in DOM","status":"passed","title":"'1' handler does not throw when tab is present in DOM","duration":19.864399999998568,"failureMessages":[],"meta":{},"tags":[]},{"ancestorTitles":["Main — keyboard handlers for city tab shortcuts (Sprint v7.12)"],"fullName":"Main — keyboard handlers for city tab shortcuts (Sprint v7.12) '2' handler does not throw when tab is present in DOM","status":"passed","title":"'2' handler does not throw when tab is present in DOM","duration":104.54499999999825,"failureMessages":[],"meta":{},"tags":[]},{"ancestorTitles":["Main — keyboard handlers for city tab shortcuts (Sprint v7.12)"],"fullName":"Main — keyboard handlers for city tab shortcuts (Sprint v7.12) '3' handler does not throw when tab is present in DOM","status":"passed","title":"'3' handler does not throw when tab is present in DOM","duration":93.69599999999991,"failureMessages":[],"meta":{},"tags":[]},{"ancestorTitles":["Main — keyboard handlers for city tab shortcuts (Sprint v7.12)"],"fullName":"Main — keyboard handlers for city tab shortcuts (Sprint v7.12) '1' handler does not throw when city-tab absent from DOM","status":"passed","title":"'1' handler does not throw when city-tab absent from DOM","duration":21.771200000002864,"failureMessages":[],"meta":{},"tags":[]},{"ancestorTitles":["Main — keyboard handlers for city tab shortcuts (Sprint v7.12)"],"fullName":"Main — keyboard handlers for city tab shortcuts (Sprint v7.12) 'w' handler is registered as a callable function","status":"passed","title":"'w' handler is registered as a callable function","duration":5.031599999998434,"failureMessages":[],"meta":{},"tags":[]},{"ancestorTitles":["Main — 'l' key registers warm tint toggle (F10 v7.2)"],"fullName":"Main — 'l' key registers warm tint toggle (F10 v7.2) 'l' key is registered via registerKey","status":"passed","title":"'l' key is registered via registerKey","duration":5.008300000001327,"failureMessages":[],"meta":{},"tags":[]},{"ancestorTitles":["Main — 'l' key registers warm tint toggle (F10 v7.2)"],"fullName":"Main — 'l' key registers warm tint toggle (F10 v7.2) 'l' handler calls setWarmTint with toggled value","status":"passed","title":"'l' handler calls setWarmTint with toggled value","duration":4.0570000000006985,"failureMessages":[],"meta":{},"tags":[]},{"ancestorTitles":["Main — dynamic help overlay (F10 v7.3)"],"fullName":"Main — dynamic help overlay (F10 v7.3) populates #help-dynamic-keys when opening help dialog","status":"passed","title":"populates #help-dynamic-keys when opening help dialog","duration":9.038199999999051,"failureMessages":[],"meta":{},"tags":[]},{"ancestorTitles":["Main — dynamic help overlay (F10 v7.3)"],"fullName":"Main — dynamic help overlay (F10 v7.3) does not populate when getKeyboardActions returns empty","status":"passed","title":"does not populate when getKeyboardActions returns empty","duration":4.817299999998795,"failureMessages":[],"meta":{},"tags":[]}],"startTime":1776600823967,"endTime":1776600827385.8174,"status":"passed","message":"","name":"C:/Users/ryair/OneDrive - Intel Corporation/Documents/MyScripts/FamilyDashBoard/tests/unit/main.test.ts"},{"assertionResults":[{"ancestorTitles":["AlertsAdapter (Sprint 92)"],"fullName":"AlertsAdapter (Sprint 92) has correct id and displayName","status":"passed","title":"has correct id and displayName","duration":7.96520000000055,"failureMessages":[],"meta":{},"tags":[]},{"ancestorTitles":["AlertsAdapter (Sprint 92)"],"fullName":"AlertsAdapter (Sprint 92) returns cached data when available","status":"passed","title":"returns cached data when available","duration":1.882899999998699,"failureMessages":[],"meta":{},"tags":[]},{"ancestorTitles":["AlertsAdapter (Sprint 92)"],"fullName":"AlertsAdapter (Sprint 92) fetches and validates array response","status":"passed","title":"fetches and validates array response","duration":3.8232000000007247,"failureMessages":[],"meta":{},"tags":[]},{"ancestorTitles":["AlertsAdapter (Sprint 92)"],"fullName":"AlertsAdapter (Sprint 92) rejects non-array responses","status":"passed","title":"rejects non-array responses","duration":1.5429000000003725,"failureMessages":[],"meta":{},"tags":[]},{"ancestorTitles":["AlertsAdapter (Sprint 92)"],"fullName":"AlertsAdapter (Sprint 92) returns failure on fetch error","status":"passed","title":"returns failure on fetch error","duration":1.2559999999994034,"failureMessages":[],"meta":{},"tags":[]},{"ancestorTitles":["AlertsAdapter (Sprint 92)"],"fullName":"AlertsAdapter (Sprint 92) status() returns current health","status":"passed","title":"status() returns current health","duration":0.7738000000008469,"failureMessages":[],"meta":{},"tags":[]}],"startTime":1776600985530,"endTime":1776600985547.7737,"status":"passed","message":"","name":"C:/Users/ryair/OneDrive - Intel Corporation/Documents/MyScripts/FamilyDashBoard/tests/unit/cards/alerts-adapter.test.ts"},{"assertionResults":[{"ancestorTitles":["Alerts — buildAlertItem"],"fullName":"Alerts — buildAlertItem returns null for event with no alerts","status":"passed","title":"returns null for event with no alerts","duration":8.847200000000157,"failureMessages":[],"meta":{},"tags":[]},{"ancestorTitles":["Alerts — buildAlertItem"],"fullName":"Alerts — buildAlertItem returns HTMLElement for valid event","status":"passed","title":"returns HTMLElement for valid event","duration":83.60699999999997,"failureMessages":[],"meta":{},"tags":[]},{"ancestorTitles":["Alerts — buildAlertItem"],"fullName":"Alerts — buildAlertItem includes 'past' class for old alert (>10min)","status":"passed","title":"includes 'past' class for old alert (>10min)","duration":3.2325000000018917,"failureMessages":[],"meta":{},"tags":[]},{"ancestorTitles":["Alerts — buildAlertItem"],"fullName":"Alerts — buildAlertItem includes 'active' class for recent alert (<10min)","status":"passed","title":"includes 'active' class for recent alert (<10min)","duration":107.62960000000021,"failureMessages":[],"meta":{},"tags":[]},{"ancestorTitles":["Alerts — buildAlertItem"],"fullName":"Alerts — buildAlertItem adds 'new-alert' class when highlightNew is true","status":"passed","title":"adds 'new-alert' class when highlightNew is true","duration":1.6576999999997497,"failureMessages":[],"meta":{},"tags":[]},{"ancestorTitles":["Alerts — buildAlertItem"],"fullName":"Alerts — buildAlertItem adds 'clone' class when isClone is true","status":"passed","title":"adds 'clone' class when isClone is true","duration":1.2867000000005646,"failureMessages":[],"meta":{},"tags":[]},{"ancestorTitles":["Alerts — buildAlertItem"],"fullName":"Alerts — buildAlertItem displays city names in the element","status":"passed","title":"displays city names in the element","duration":1.4569999999985157,"failureMessages":[],"meta":{},"tags":[]},{"ancestorTitles":["Alerts — buildAlertItem"],"fullName":"Alerts — buildAlertItem truncates long city list (>5 cities) with count","status":"passed","title":"truncates long city list (>5 cities) with count","duration":1.3505999999979394,"failureMessages":[],"meta":{},"tags":[]},{"ancestorTitles":["Alerts — renderAlerts"],"fullName":"Alerts — renderAlerts populates scroll container with events","status":"passed","title":"populates scroll container with events","duration":14.688899999997375,"failureMessages":[],"meta":{},"tags":[]},{"ancestorTitles":["Alerts — renderAlerts"],"fullName":"Alerts — renderAlerts shows badge when highlightNew is true","status":"passed","title":"shows badge when highlightNew is true","duration":6.312999999998283,"failureMessages":[],"meta":{},"tags":[]},{"ancestorTitles":["Alerts — renderAlerts"],"fullName":"Alerts — renderAlerts handles empty array without throwing","status":"passed","title":"handles empty array without throwing","duration":279.6032000000014,"failureMessages":[],"meta":{},"tags":[]},{"ancestorTitles":["Alerts — setAlertsEnabled"],"fullName":"Alerts — setAlertsEnabled does not throw when called with false","status":"passed","title":"does not throw when called with false","duration":1.1605999999992491,"failureMessages":[],"meta":{},"tags":[]},{"ancestorTitles":["Alerts — setAlertsEnabled"],"fullName":"Alerts — setAlertsEnabled does not throw when called with true","status":"passed","title":"does not throw when called with true","duration":0.7243000000016764,"failureMessages":[],"meta":{},"tags":[]},{"ancestorTitles":["Alerts — setAlertsRealtime"],"fullName":"Alerts — setAlertsRealtime does not throw when enabling realtime mode","status":"passed","title":"does not throw when enabling realtime mode","duration":179.80589999999938,"failureMessages":[],"meta":{},"tags":[]},{"ancestorTitles":["Alerts — setAlertsRealtime"],"fullName":"Alerts — setAlertsRealtime does not throw when disabling realtime mode","status":"passed","title":"does not throw when disabling realtime mode","duration":5.074899999999616,"failureMessages":[],"meta":{},"tags":[]},{"ancestorTitles":["Alerts — setAlertsRealtime"],"fullName":"Alerts — setAlertsRealtime accepts boolean toggle without error","status":"passed","title":"accepts boolean toggle without error","duration":0.9811999999983527,"failureMessages":[],"meta":{},"tags":[]},{"ancestorTitles":["Alerts — renderAlerts counter text"],"fullName":"Alerts — renderAlerts counter text counter text shows 24h alert count","status":"passed","title":"counter text shows 24h alert count","duration":63.35320000000138,"failureMessages":[],"meta":{},"tags":[]},{"ancestorTitles":["Alerts — renderAlerts counter text"],"fullName":"Alerts — renderAlerts counter text active event within 10min creates live-dot in counter","status":"passed","title":"active event within 10min creates live-dot in counter","duration":21.83480000000054,"failureMessages":[],"meta":{},"tags":[]},{"ancestorTitles":["Alerts — renderAlerts counter text"],"fullName":"Alerts — renderAlerts counter text past-only events do not create live-dot","status":"passed","title":"past-only events do not create live-dot","duration":568.9164000000019,"failureMessages":[],"meta":{},"tags":[]},{"ancestorTitles":["Alerts — renderAlerts counter text"],"fullName":"Alerts — renderAlerts counter text empty array shows 'אין התרעות' message","status":"passed","title":"empty array shows 'אין התרעות' message","duration":156.9274000000005,"failureMessages":[],"meta":{},"tags":[]},{"ancestorTitles":["Alerts — renderAlerts counter text"],"fullName":"Alerts — renderAlerts counter text clone rows are generated (scroll doubling)","status":"passed","title":"clone rows are generated (scroll doubling)","duration":17.841300000000047,"failureMessages":[],"meta":{},"tags":[]},{"ancestorTitles":["Alerts — renderAlerts counter text"],"fullName":"Alerts — renderAlerts counter text both normal and clone counters present","status":"passed","title":"both normal and clone counters present","duration":30.633600000001024,"failureMessages":[],"meta":{},"tags":[]},{"ancestorTitles":["Alerts — renderAlerts counter text"],"fullName":"Alerts — renderAlerts counter text injects #alerts-scroll-style element for animation","status":"passed","title":"injects #alerts-scroll-style element for animation","duration":31.53230000000258,"failureMessages":[],"meta":{},"tags":[]},{"ancestorTitles":["Alerts — renderAlerts counter text"],"fullName":"Alerts — renderAlerts counter text #alerts-scroll-style contains @keyframes alertsScroll","status":"passed","title":"#alerts-scroll-style contains @keyframes alertsScroll","duration":2.9879000000000815,"failureMessages":[],"meta":{},"tags":[]},{"ancestorTitles":["Alerts — renderAlerts counter text"],"fullName":"Alerts — renderAlerts counter text renders all events up to 25","status":"passed","title":"renders all events up to 25","duration":249.81559999999808,"failureMessages":[],"meta":{},"tags":[]},{"ancestorTitles":["Alerts — renderAlerts counter text"],"fullName":"Alerts — renderAlerts counter text badge shows when highlightNew true and data non-empty","status":"passed","title":"badge shows when highlightNew true and data non-empty","duration":3.2243000000016764,"failureMessages":[],"meta":{},"tags":[]},{"ancestorTitles":["Alerts — renderAlerts counter text"],"fullName":"Alerts — renderAlerts counter text no-op (no throw) when elScroll is null","status":"passed","title":"no-op (no throw) when elScroll is null","duration":1.256999999997788,"failureMessages":[],"meta":{},"tags":[]},{"ancestorTitles":["Alerts — loadAlerts via mocked fetch"],"fullName":"Alerts — loadAlerts via mocked fetch returns early without touching DOM when _enabled = false","status":"passed","title":"returns early without touching DOM when _enabled = false","duration":125.71390000000247,"failureMessages":[],"meta":{},"tags":[]},{"ancestorTitles":["Alerts — loadAlerts via mocked fetch"],"fullName":"Alerts — loadAlerts via mocked fetch renders .alert-item when fetch returns valid data","status":"passed","title":"renders .alert-item when fetch returns valid data","duration":165.42669999999998,"failureMessages":[],"meta":{},"tags":[]},{"ancestorTitles":["Alerts — loadAlerts via mocked fetch"],"fullName":"Alerts — loadAlerts via mocked fetch resolves without throw when fetch returns empty array","status":"passed","title":"resolves without throw when fetch returns empty array","duration":19.652299999997922,"failureMessages":[],"meta":{},"tags":[]},{"ancestorTitles":["Alerts — loadAlerts via mocked fetch"],"fullName":"Alerts — loadAlerts via mocked fetch resolves without throw when all fetches return non-ok","status":"passed","title":"resolves without throw when all fetches return non-ok","duration":14.390599999998813,"failureMessages":[],"meta":{},"tags":[]},{"ancestorTitles":["Alerts — loadAlerts via mocked fetch"],"fullName":"Alerts — loadAlerts via mocked fetch resolves without throw when fetch throws a network error","status":"passed","title":"resolves without throw when fetch throws a network error","duration":8.020700000000943,"failureMessages":[],"meta":{},"tags":[]},{"ancestorTitles":["Alerts — loadAlerts via mocked fetch"],"fullName":"Alerts — loadAlerts via mocked fetch parses allorigins proxy response (contents field)","status":"passed","title":"parses allorigins proxy response (contents field)","duration":6.20850000000064,"failureMessages":[],"meta":{},"tags":[]},{"ancestorTitles":["Alerts — loadAlerts via mocked fetch"],"fullName":"Alerts — loadAlerts via mocked fetch sets sync to ok after successful fetch","status":"passed","title":"sets sync to ok after successful fetch","duration":118.72010000000228,"failureMessages":[],"meta":{},"tags":[]},{"ancestorTitles":["Alerts — loadAlerts via mocked fetch"],"fullName":"Alerts — loadAlerts via mocked fetch schedules next poll (scheduleAlerts) after load completes","status":"passed","title":"schedules next poll (scheduleAlerts) after load completes","duration":4.739799999999377,"failureMessages":[],"meta":{},"tags":[]},{"ancestorTitles":["Alerts — scheduleAlerts interval branches"],"fullName":"Alerts — scheduleAlerts interval branches uses ALERT_INTERVAL_RT (10s) when _haveActive=true + _realtimeMode=true","status":"passed","title":"uses ALERT_INTERVAL_RT (10s) when _haveActive=true + _realtimeMode=true","duration":15.274500000003172,"failureMessages":[],"meta":{},"tags":[]},{"ancestorTitles":["Alerts — scheduleAlerts interval branches"],"fullName":"Alerts — scheduleAlerts interval branches uses ALERTS_ACTIVE interval when _haveActive=true + _realtimeMode=false","status":"passed","title":"uses ALERTS_ACTIVE interval when _haveActive=true + _realtimeMode=false","duration":14.440700000002835,"failureMessages":[],"meta":{},"tags":[]},{"ancestorTitles":["Alerts — scheduleAlerts interval branches"],"fullName":"Alerts — scheduleAlerts interval branches uses ALERTS_IDLE interval when no active alerts","status":"passed","title":"uses ALERTS_IDLE interval when no active alerts","duration":173.6091000000015,"failureMessages":[],"meta":{},"tags":[]},{"ancestorTitles":["Alerts — scheduleAlerts interval branches"],"fullName":"Alerts — scheduleAlerts interval branches notify path fires when new alert ID differs from previous","status":"passed","title":"notify path fires when new alert ID differs from previous","duration":17.13930000000255,"failureMessages":[],"meta":{},"tags":[]},{"ancestorTitles":["Alerts — loadAlerts page hidden"],"fullName":"Alerts — loadAlerts page hidden calls scheduleAlerts but skips fetch when page is hidden","status":"passed","title":"calls scheduleAlerts but skips fetch when page is hidden","duration":3.0557999999982712,"failureMessages":[],"meta":{},"tags":[]},{"ancestorTitles":["Alerts — initAlertsCard"],"fullName":"Alerts — initAlertsCard does not throw on init","status":"passed","title":"does not throw on init","duration":3.4386999999987893,"failureMessages":[],"meta":{},"tags":[]},{"ancestorTitles":["Alerts — initAlertsCard"],"fullName":"Alerts — initAlertsCard caches DOM refs on init","status":"passed","title":"caches DOM refs on init","duration":3.6890999999995984,"failureMessages":[],"meta":{},"tags":[]},{"ancestorTitles":["Alerts — loadAlerts success with new alert (full path)"],"fullName":"Alerts — loadAlerts success with new alert (full path) renders data from direct fetch and sets sync ok","status":"passed","title":"renders data from direct fetch and sets sync ok","duration":262.4912000000004,"failureMessages":[],"meta":{},"tags":[]},{"ancestorTitles":["Alerts — loadAlerts success with new alert (full path)"],"fullName":"Alerts — loadAlerts success with new alert (full path) detects new alert ID and marks highlightNew on second load","status":"passed","title":"detects new alert ID and marks highlightNew on second load","duration":137.72239999999874,"failureMessages":[],"meta":{},"tags":[]},{"ancestorTitles":["Alerts — loadAlerts success with new alert (full path)"],"fullName":"Alerts — loadAlerts success with new alert (full path) falls back to allorigins proxy when direct fails","status":"passed","title":"falls back to allorigins proxy when direct fails","duration":166.5591999999997,"failureMessages":[],"meta":{},"tags":[]},{"ancestorTitles":["Alerts — loadAlerts success with new alert (full path)"],"fullName":"Alerts — loadAlerts success with new alert (full path) handles empty data array (no alerts) gracefully","status":"passed","title":"handles empty data array (no alerts) gracefully","duration":11.693699999999808,"failureMessages":[],"meta":{},"tags":[]},{"ancestorTitles":["Alerts — loadAlerts success with new alert (full path)"],"fullName":"Alerts — loadAlerts success with new alert (full path) handles fetch throwing error","status":"passed","title":"handles fetch throwing error","duration":3.4047000000027765,"failureMessages":[],"meta":{},"tags":[]},{"ancestorTitles":["Alerts — loadAlerts success with new alert (full path)"],"fullName":"Alerts — loadAlerts success with new alert (full path) triggers notify with AudioContext beep on new alert","status":"passed","title":"triggers notify with AudioContext beep on new alert","duration":13.31130000000121,"failureMessages":[],"meta":{},"tags":[]},{"ancestorTitles":["Alerts — setAlertsEnabled clears active timer"],"fullName":"Alerts — setAlertsEnabled clears active timer clearTimeout fires when disabling alerts after loadAlerts scheduled a timer","status":"passed","title":"clearTimeout fires when disabling alerts after loadAlerts scheduled a timer","duration":5.061799999999494,"failureMessages":[],"meta":{},"tags":[]},{"ancestorTitles":["Alerts — loadAlerts catch block with stale data"],"fullName":"Alerts — loadAlerts catch block with stale data catch block runs when cSet throws during data processing","status":"passed","title":"catch block runs when cSet throws during data processing","duration":307.40639999999985,"failureMessages":[],"meta":{},"tags":[]},{"ancestorTitles":["Alerts — notify with Notification permission granted"],"fullName":"Alerts — notify with Notification permission granted calls Notification with city names when isNew and permission granted","status":"passed","title":"calls Notification with city names when isNew and permission granted","duration":17.891200000001845,"failureMessages":[],"meta":{},"tags":[]},{"ancestorTitles":["Alerts — notify with Notification permission granted"],"fullName":"Alerts — notify with Notification permission granted filters out events with no alerts array (validation gate)","status":"passed","title":"filters out events with no alerts array (validation gate)","duration":7.708600000001752,"failureMessages":[],"meta":{},"tags":[]},{"ancestorTitles":["Alerts — notify with Notification permission granted"],"fullName":"Alerts — notify with Notification permission granted filters out alert zones with no cities property (validation gate)","status":"passed","title":"filters out alert zones with no cities property (validation gate)","duration":152.24329999999827,"failureMessages":[],"meta":{},"tags":[]},{"ancestorTitles":["Alerts — toggleAlerts / isAlertsEnabled"],"fullName":"Alerts — toggleAlerts / isAlertsEnabled isAlertsEnabled returns false after setAlertsEnabled(false)","status":"passed","title":"isAlertsEnabled returns false after setAlertsEnabled(false)","duration":0.6165000000000873,"failureMessages":[],"meta":{},"tags":[]},{"ancestorTitles":["Alerts — toggleAlerts / isAlertsEnabled"],"fullName":"Alerts — toggleAlerts / isAlertsEnabled isAlertsEnabled returns true after setAlertsEnabled(true)","status":"passed","title":"isAlertsEnabled returns true after setAlertsEnabled(true)","duration":0.41200000000026193,"failureMessages":[],"meta":{},"tags":[]},{"ancestorTitles":["Alerts — toggleAlerts / isAlertsEnabled"],"fullName":"Alerts — toggleAlerts / isAlertsEnabled toggleAlerts flips disabled → enabled","status":"passed","title":"toggleAlerts flips disabled → enabled","duration":0.5315999999984342,"failureMessages":[],"meta":{},"tags":[]},{"ancestorTitles":["Alerts — toggleAlerts / isAlertsEnabled"],"fullName":"Alerts — toggleAlerts / isAlertsEnabled toggleAlerts flips enabled → disabled","status":"passed","title":"toggleAlerts flips enabled → disabled","duration":142.54619999999704,"failureMessages":[],"meta":{},"tags":[]},{"ancestorTitles":["Alerts — toggleAlerts / isAlertsEnabled"],"fullName":"Alerts — toggleAlerts / isAlertsEnabled double-toggle returns to original state","status":"passed","title":"double-toggle returns to original state","duration":0.46969999999782885,"failureMessages":[],"meta":{},"tags":[]},{"ancestorTitles":["Alerts — scheduleAlerts realtimeMode branch"],"fullName":"Alerts — scheduleAlerts realtimeMode branch uses the realtime interval when realtimeMode=true and haveActive=true","status":"passed","title":"uses the realtime interval when realtimeMode=true and haveActive=true","duration":1.9794000000001688,"failureMessages":[],"meta":{},"tags":[]},{"ancestorTitles":["Alerts — loadAlerts empty response else branch"],"fullName":"Alerts — loadAlerts empty response else branch handles empty alerts array without throwing","status":"passed","title":"handles empty alerts array without throwing","duration":9.594500000002881,"failureMessages":[],"meta":{},"tags":[]},{"ancestorTitles":["Alerts — loadAlerts empty response else branch"],"fullName":"Alerts — loadAlerts empty response else branch triggers notify path when a new alert ID differs from last","status":"passed","title":"triggers notify path when a new alert ID differs from last","duration":412.84470000000147,"failureMessages":[],"meta":{},"tags":[]},{"ancestorTitles":["Alerts — renderAlerts total24h++ branch (line 196)"],"fullName":"Alerts — renderAlerts total24h++ branch (line 196) increments total24h for alerts within last 24 hours","status":"passed","title":"increments total24h for alerts within last 24 hours","duration":19.04699999999866,"failureMessages":[],"meta":{},"tags":[]},{"ancestorTitles":["Alerts — renderAlerts total24h++ branch (line 196)"],"fullName":"Alerts — renderAlerts total24h++ branch (line 196) counts zero for alerts outside 24h window (total24h++ FALSE branch)","status":"passed","title":"counts zero for alerts outside 24h window (total24h++ FALSE branch)","duration":11.838700000000244,"failureMessages":[],"meta":{},"tags":[]},{"ancestorTitles":["Alerts — loadAlerts data[0]?.id ?? null (line 271)"],"fullName":"Alerts — loadAlerts data[0]?.id ?? null (line 271) uses null when alert event has no id field (line 271 ?? null branch)","status":"passed","title":"uses null when alert event has no id field (line 271 ?? null branch)","duration":17.27349999999933,"failureMessages":[],"meta":{},"tags":[]},{"ancestorTitles":["Alerts — renderAlerts highlightNew=true updates badge (line 186)"],"fullName":"Alerts — renderAlerts highlightNew=true updates badge (line 186) sets elBadge.textContent when highlightNew=true and badge is in DOM (line 186 TRUE)","status":"passed","title":"sets elBadge.textContent when highlightNew=true and badge is in DOM (line 186 TRUE)","duration":133.03609999999753,"failureMessages":[],"meta":{},"tags":[]},{"ancestorTitles":["Alerts — loadAlerts else block when fetch returns empty array (lines 287-290)"],"fullName":"Alerts — loadAlerts else block when fetch returns empty array (lines 287-290) hits else block (_haveActive=false) when fetchAlerts returns [] (lines 287-290)","status":"passed","title":"hits else block (_haveActive=false) when fetchAlerts returns [] (lines 287-290)","duration":4.3891999999978,"failureMessages":[],"meta":{},"tags":[]},{"ancestorTitles":["Alerts — loadAlerts catch block when cSet throws (lines 291-295)"],"fullName":"Alerts — loadAlerts catch block when cSet throws (lines 291-295) hits catch block when cSet throws after valid data received (lines 291-295)","status":"passed","title":"hits catch block when cSet throws after valid data received (lines 291-295)","duration":163.08720000000176,"failureMessages":[],"meta":{},"tags":[]},{"ancestorTitles":["Alerts — renderAlerts if(elBadge) FALSE branch (line 186)"],"fullName":"Alerts — renderAlerts if(elBadge) FALSE branch (line 186) skips badge update when elBadge is null and highlightNew=true (line 186 FALSE branch)","status":"passed","title":"skips badge update when elBadge is null and highlightNew=true (line 186 FALSE branch)","duration":14.277099999999336,"failureMessages":[],"meta":{},"tags":[]},{"ancestorTitles":["Alerts — loadAlerts else block stale=null ternary FALSE (line 288)"],"fullName":"Alerts — loadAlerts else block stale=null ternary FALSE (line 288) takes stale?'ok':'error' FALSE path in else block when cache empty + all fetches fail (line 288)","status":"passed","title":"takes stale?'ok':'error' FALSE path in else block when cache empty + all fetches fail (line 288)","duration":18.08140000000276,"failureMessages":[],"meta":{},"tags":[]},{"ancestorTitles":["Alerts — loadAlerts catch block stale=null ternary FALSE (lines 291-293)"],"fullName":"Alerts — loadAlerts catch block stale=null ternary FALSE (lines 291-293) takes stale?'ok':'error' FALSE path in catch when cache empty + cSet throws (lines 291-293)","status":"passed","title":"takes stale?'ok':'error' FALSE path in catch when cache empty + cSet throws (lines 291-293)","duration":16.94080000000031,"failureMessages":[],"meta":{},"tags":[]},{"ancestorTitles":["Alerts — playBeep AudioContext unavailable (no throw)"],"fullName":"Alerts — playBeep AudioContext unavailable (no throw) does not throw when AudioContext and webkitAudioContext are both undefined","status":"passed","title":"does not throw when AudioContext and webkitAudioContext are both undefined","duration":33.8337999999967,"failureMessages":[],"meta":{},"tags":[]},{"ancestorTitles":["Alerts — notify without Notification API (no throw)"],"fullName":"Alerts — notify without Notification API (no throw) does not throw when typeof Notification === 'undefined'","status":"passed","title":"does not throw when typeof Notification === 'undefined'","duration":16.920399999999063,"failureMessages":[],"meta":{},"tags":[]},{"ancestorTitles":["Alerts — notify Notification.permission not granted (no throw)"],"fullName":"Alerts — notify Notification.permission not granted (no throw) does not throw when Notification.permission is 'denied'","status":"passed","title":"does not throw when Notification.permission is 'denied'","duration":328.4392000000007,"failureMessages":[],"meta":{},"tags":[]},{"ancestorTitles":["Alerts — renderAlerts elScroll null (no throw)"],"fullName":"Alerts — renderAlerts elScroll null (no throw) returns immediately without throwing when elScroll is null","status":"passed","title":"returns immediately without throwing when elScroll is null","duration":197.66219999999885,"failureMessages":[],"meta":{},"tags":[]},{"ancestorTitles":["Alerts — fetchAlerts !res.ok falls through to next proxy"],"fullName":"Alerts — fetchAlerts !res.ok falls through to next proxy skips non-ok responses and falls through chain returning []","status":"passed","title":"skips non-ok responses and falls through chain returning []","duration":4.101800000000367,"failureMessages":[],"meta":{},"tags":[]},{"ancestorTitles":["Alerts — buildAlertItem THREAT_LABELS fallback (unknown threat)"],"fullName":"Alerts — buildAlertItem THREAT_LABELS fallback (unknown threat) uses '⚠️ התרעה' fallback for threat value not in THREAT_LABELS","status":"passed","title":"uses '⚠️ התרעה' fallback for threat value not in THREAT_LABELS","duration":1.2845999999990454,"failureMessages":[],"meta":{},"tags":[]},{"ancestorTitles":["Alerts — renderAlerts badge null guard (no throw)"],"fullName":"Alerts — renderAlerts badge null guard (no throw) does not throw when badge element is null during highlight","status":"passed","title":"does not throw when badge element is null during highlight","duration":16.230400000000373,"failureMessages":[],"meta":{},"tags":[]},{"ancestorTitles":["Alerts — setAlertVolume / getAlertVolume (F2 v7.2)"],"fullName":"Alerts — setAlertVolume / getAlertVolume (F2 v7.2) getAlertVolume returns 18 by default","status":"passed","title":"getAlertVolume returns 18 by default","duration":160.78250000000116,"failureMessages":[],"meta":{},"tags":[]},{"ancestorTitles":["Alerts — setAlertVolume / getAlertVolume (F2 v7.2)"],"fullName":"Alerts — setAlertVolume / getAlertVolume (F2 v7.2) setAlertVolume updates getAlertVolume","status":"passed","title":"setAlertVolume updates getAlertVolume","duration":7.836100000000442,"failureMessages":[],"meta":{},"tags":[]},{"ancestorTitles":["Alerts — setAlertVolume / getAlertVolume (F2 v7.2)"],"fullName":"Alerts — setAlertVolume / getAlertVolume (F2 v7.2) setAlertVolume clamps to 0-100","status":"passed","title":"setAlertVolume clamps to 0-100","duration":133.3208999999988,"failureMessages":[],"meta":{},"tags":[]},{"ancestorTitles":["Alerts — clearUnreadAlerts resets badge and document.title"],"fullName":"Alerts — clearUnreadAlerts resets badge and document.title clearUnreadAlerts hides badge and clears unread count","status":"passed","title":"clearUnreadAlerts hides badge and clears unread count","duration":130.5672999999988,"failureMessages":[],"meta":{},"tags":[]},{"ancestorTitles":["Alerts — clearUnreadAlerts resets badge and document.title"],"fullName":"Alerts — clearUnreadAlerts resets badge and document.title clearUnreadAlerts without badge element does not throw","status":"passed","title":"clearUnreadAlerts without badge element does not throw","duration":33.607599999999366,"failureMessages":[],"meta":{},"tags":[]},{"ancestorTitles":["Alerts — clearUnreadAlerts resets badge and document.title"],"fullName":"Alerts — clearUnreadAlerts resets badge and document.title renderAlerts with highlightNew=true updates document.title with unread count","status":"passed","title":"renderAlerts with highlightNew=true updates document.title with unread count","duration":11.215399999997317,"failureMessages":[],"meta":{},"tags":[]},{"ancestorTitles":["Alerts — alertThreatIcon (Sprint 28)"],"fullName":"Alerts — alertThreatIcon (Sprint 28) returns 🔴 for threat 0","status":"passed","title":"returns 🔴 for threat 0","duration":0.6370999999999185,"failureMessages":[],"meta":{},"tags":[]},{"ancestorTitles":["Alerts — alertThreatIcon (Sprint 28)"],"fullName":"Alerts — alertThreatIcon (Sprint 28) returns 🔴 for threat 1","status":"passed","title":"returns 🔴 for threat 1","duration":2.461800000000949,"failureMessages":[],"meta":{},"tags":[]},{"ancestorTitles":["Alerts — alertThreatIcon (Sprint 28)"],"fullName":"Alerts — alertThreatIcon (Sprint 28) returns 🟡 for threat 5 (hostile aircraft)","status":"passed","title":"returns 🟡 for threat 5 (hostile aircraft)","duration":5.056000000000495,"failureMessages":[],"meta":{},"tags":[]},{"ancestorTitles":["Alerts — alertThreatIcon (Sprint 28)"],"fullName":"Alerts — alertThreatIcon (Sprint 28) returns 🟠 for unknown threat levels","status":"passed","title":"returns 🟠 for unknown threat levels","duration":0.8348000000005413,"failureMessages":[],"meta":{},"tags":[]},{"ancestorTitles":["Alerts — alertAgeLabel (Sprint 28)"],"fullName":"Alerts — alertAgeLabel (Sprint 28) returns 'עכשיו' for age < 1 minute","status":"passed","title":"returns 'עכשיו' for age < 1 minute","duration":7.865799999999581,"failureMessages":[],"meta":{},"tags":[]},{"ancestorTitles":["Alerts — alertAgeLabel (Sprint 28)"],"fullName":"Alerts — alertAgeLabel (Sprint 28) returns 'לפני Nד׳' for minutes < 60","status":"passed","title":"returns 'לפני Nד׳' for minutes < 60","duration":1.7043999999987136,"failureMessages":[],"meta":{},"tags":[]},{"ancestorTitles":["Alerts — alertAgeLabel (Sprint 28)"],"fullName":"Alerts — alertAgeLabel (Sprint 28) returns 'לפני Nש׳' for hours >= 1","status":"passed","title":"returns 'לפני Nש׳' for hours >= 1","duration":0.5424999999995634,"failureMessages":[],"meta":{},"tags":[]},{"ancestorTitles":["Alerts — buildAlertItem Sprint 28: threat icon + age badge"],"fullName":"Alerts — buildAlertItem Sprint 28: threat icon + age badge includes threat icon in the threat span text","status":"passed","title":"includes threat icon in the threat span text","duration":1.9644999999982247,"failureMessages":[],"meta":{},"tags":[]},{"ancestorTitles":["Alerts — buildAlertItem Sprint 28: threat icon + age badge"],"fullName":"Alerts — buildAlertItem Sprint 28: threat icon + age badge includes .alert-age span","status":"passed","title":"includes .alert-age span","duration":1.30279999999766,"failureMessages":[],"meta":{},"tags":[]}],"startTime":1776600821063,"endTime":1776600827050.3027,"status":"passed","message":"","name":"C:/Users/ryair/OneDrive - Intel Corporation/Documents/MyScripts/FamilyDashBoard/tests/unit/cards/alerts.test.ts"},{"assertionResults":[{"ancestorTitles":["Base Card — createCardLoader fresh cache hit"],"fullName":"Base Card — createCardLoader fresh cache hit renders from cache without calling fetchData","status":"passed","title":"renders from cache without calling fetchData","duration":19.826500000002852,"failureMessages":[],"meta":{},"tags":[]},{"ancestorTitles":["Base Card — createCardLoader fetch success"],"fullName":"Base Card — createCardLoader fetch success fetches, caches, and renders data when cache is empty","status":"passed","title":"fetches, caches, and renders data when cache is empty","duration":3.6705000000001746,"failureMessages":[],"meta":{},"tags":[]},{"ancestorTitles":["Base Card — createCardLoader stale data shown while fetching"],"fullName":"Base Card — createCardLoader stale data shown while fetching renders stale data before fetch resolves","status":"passed","title":"renders stale data before fetch resolves","duration":1.8940000000002328,"failureMessages":[],"meta":{},"tags":[]},{"ancestorTitles":["Base Card — createCardLoader fetch error"],"fullName":"Base Card — createCardLoader fetch error sets error sync state when fetch throws and no stale data","status":"passed","title":"sets error sync state when fetch throws and no stale data","duration":1.4413999999997031,"failureMessages":[],"meta":{},"tags":[]},{"ancestorTitles":["Base Card — createCardLoader fetch error"],"fullName":"Base Card — createCardLoader fetch error sets ok sync state when fetch throws but stale data exists","status":"passed","title":"sets ok sync state when fetch throws but stale data exists","duration":4.142100000000937,"failureMessages":[],"meta":{},"tags":[]},{"ancestorTitles":["Base Card — createCardLoader no-lock early return"],"fullName":"Base Card — createCardLoader no-lock early return does not fetch or render when lock is not acquired","status":"passed","title":"does not fetch or render when lock is not acquired","duration":1.754799999998795,"failureMessages":[],"meta":{},"tags":[]},{"ancestorTitles":["Base Card — createCardLoader page hidden early return"],"fullName":"Base Card — createCardLoader page hidden early return does not fetch or render when page is not visible","status":"passed","title":"does not fetch or render when page is not visible","duration":2.561600000000908,"failureMessages":[],"meta":{},"tags":[]},{"ancestorTitles":["Base Card — scheduleCard"],"fullName":"Base Card — scheduleCard returns a truthy timer handle","status":"passed","title":"returns a truthy timer handle","duration":6.096400000002177,"failureMessages":[],"meta":{},"tags":[]},{"ancestorTitles":["Base Card — scheduleCard"],"fullName":"Base Card — scheduleCard calls the load function after the interval passes","status":"passed","title":"calls the load function after the interval passes","duration":6.030200000001059,"failureMessages":[],"meta":{},"tags":[]},{"ancestorTitles":["Base Card — scheduleCard"],"fullName":"Base Card — scheduleCard calls load function repeatedly on each interval","status":"passed","title":"calls load function repeatedly on each interval","duration":4.581500000000233,"failureMessages":[],"meta":{},"tags":[]},{"ancestorTitles":["staleChip (Sprint 48)"],"fullName":"staleChip (Sprint 48) returns NOW string for less than 60s","status":"passed","title":"returns NOW string for less than 60s","duration":1.177800000001298,"failureMessages":[],"meta":{},"tags":[]},{"ancestorTitles":["staleChip (Sprint 48)"],"fullName":"staleChip (Sprint 48) shows minutes for 1-59 minutes","status":"passed","title":"shows minutes for 1-59 minutes","duration":0.8479000000006636,"failureMessages":[],"meta":{},"tags":[]},{"ancestorTitles":["staleChip (Sprint 48)"],"fullName":"staleChip (Sprint 48) shows 1 hour for 60-119 minutes","status":"passed","title":"shows 1 hour for 60-119 minutes","duration":0.519799999998213,"failureMessages":[],"meta":{},"tags":[]},{"ancestorTitles":["staleChip (Sprint 48)"],"fullName":"staleChip (Sprint 48) shows N hours for 2+ hours","status":"passed","title":"shows N hours for 2+ hours","duration":0.47660000000178115,"failureMessages":[],"meta":{},"tags":[]},{"ancestorTitles":["staleChip (Sprint 48)"],"fullName":"staleChip (Sprint 48) shows single day form for 1 day","status":"passed","title":"shows single day form for 1 day","duration":0.5384000000012747,"failureMessages":[],"meta":{},"tags":[]},{"ancestorTitles":["staleChip (Sprint 48)"],"fullName":"staleChip (Sprint 48) shows plural day form for 2+ days","status":"passed","title":"shows plural day form for 2+ days","duration":303.8214000000007,"failureMessages":[],"meta":{},"tags":[]},{"ancestorTitles":["createSkeleton (Sprint 51)"],"fullName":"createSkeleton (Sprint 51) returns a div with class card-skeleton","status":"passed","title":"returns a div with class card-skeleton","duration":12.982299999999668,"failureMessages":[],"meta":{},"tags":[]},{"ancestorTitles":["createSkeleton (Sprint 51)"],"fullName":"createSkeleton (Sprint 51) renders 3 lines by default","status":"passed","title":"renders 3 lines by default","duration":48.560199999999895,"failureMessages":[],"meta":{},"tags":[]},{"ancestorTitles":["createSkeleton (Sprint 51)"],"fullName":"create
[...]
Board/tests/unit/ui/ticker.test.ts"},{"assertionResults":[{"ancestorTitles":["Toast — showToast"],"fullName":"Toast — showToast sets textContent on the toast element","status":"passed","title":"sets textContent on the toast element","duration":28.08640000000014,"failureMessages":[],"meta":{},"tags":[]},{"ancestorTitles":["Toast — showToast"],"fullName":"Toast — showToast adds the visible class","status":"passed","title":"adds the visible class","duration":3.621499999999287,"failureMessages":[],"meta":{},"tags":[]},{"ancestorTitles":["Toast — showToast"],"fullName":"Toast — showToast removes visible class after duration","status":"passed","title":"removes visible class after duration","duration":3.630800000000818,"failureMessages":[],"meta":{},"tags":[]},{"ancestorTitles":["Toast — showToast"],"fullName":"Toast — showToast resets hide timer on repeated calls","status":"passed","title":"resets hide timer on repeated calls","duration":2.5949000000000524,"failureMessages":[],"meta":{},"tags":[]},{"ancestorTitles":["Toast — showToast"],"fullName":"Toast — showToast does nothing when toast element is absent","status":"passed","title":"does nothing when toast element is absent","duration":2.9356000000007043,"failureMessages":[],"meta":{},"tags":[]},{"ancestorTitles":["Toast — showToast"],"fullName":"Toast — showToast uses default 3000ms duration when none specified","status":"passed","title":"uses default 3000ms duration when none specified","duration":2.9659000000010565,"failureMessages":[],"meta":{},"tags":[]},{"ancestorTitles":["Toast — showToast"],"fullName":"Toast — showToast shows Hebrew text correctly","status":"passed","title":"shows Hebrew text correctly","duration":2.283399999998437,"failureMessages":[],"meta":{},"tags":[]},{"ancestorTitles":["Toast — showToast"],"fullName":"Toast — showToast shows empty string toast without throwing","status":"passed","title":"shows empty string toast without throwing","duration":3.45679999999993,"failureMessages":[],"meta":{},"tags":[]},{"ancestorTitles":["Toast — showToast"],"fullName":"Toast — showToast toast is visible immediately after call","status":"passed","title":"toast is visible immediately after call","duration":133.93990000000122,"failureMessages":[],"meta":{},"tags":[]},{"ancestorTitles":["Toast — showToast"],"fullName":"Toast — showToast toast text updates on second call","status":"passed","title":"toast text updates on second call","duration":9.041999999999462,"failureMessages":[],"meta":{},"tags":[]}],"startTime":1776600946147,"endTime":1776600946441.042,"status":"passed","message":"","name":"C:/Users/ryair/OneDrive - Intel Corporation/Documents/MyScripts/FamilyDashBoard/tests/unit/ui/toast.test.ts"},{"assertionResults":[{"ancestorTitles":["CORS middleware — isPreflight"],"fullName":"CORS middleware — isPreflight returns true for OPTIONS request with Origin header","status":"passed","title":"returns true for OPTIONS request with Origin header","duration":9.84649999999965,"failureMessages":[],"meta":{},"tags":[]},{"ancestorTitles":["CORS middleware — isPreflight"],"fullName":"CORS middleware — isPreflight returns false for GET request","status":"passed","title":"returns false for GET request","duration":2.0318000000006577,"failureMessages":[],"meta":{},"tags":[]},{"ancestorTitles":["CORS middleware — isPreflight"],"fullName":"CORS middleware — isPreflight returns false for OPTIONS without Origin","status":"passed","title":"returns false for OPTIONS without Origin","duration":1.0680000000029395,"failureMessages":[],"meta":{},"tags":[]},{"ancestorTitles":["CORS middleware — handlePreflight"],"fullName":"CORS middleware — handlePreflight returns 204 status","status":"passed","title":"returns 204 status","duration":1.153200000000652,"failureMessages":[],"meta":{},"tags":[]},{"ancestorTitles":["CORS middleware — handlePreflight"],"fullName":"CORS middleware — handlePreflight includes Access-Control-Allow-Origin: *","status":"passed","title":"includes Access-Control-Allow-Origin: *","duration":0.8659999999981665,"failureMessages":[],"meta":{},"tags":[]},{"ancestorTitles":["CORS middleware — handlePreflight"],"fullName":"CORS middleware — handlePreflight includes Access-Control-Allow-Methods header","status":"passed","title":"includes Access-Control-Allow-Methods header","duration":0.7004999999990105,"failureMessages":[],"meta":{},"tags":[]},{"ancestorTitles":["Rate-limit middleware — isRateLimited"],"fullName":"Rate-limit middleware — isRateLimited allows first request for a new IP","status":"passed","title":"allows first request for a new IP","duration":1.6512000000002445,"failureMessages":[],"meta":{},"tags":[]},{"ancestorTitles":["Rate-limit middleware — isRateLimited"],"fullName":"Rate-limit middleware — isRateLimited allows requests below the limit","status":"passed","title":"allows requests below the limit","duration":13.15940000000046,"failureMessages":[],"meta":{},"tags":[]},{"ancestorTitles":["Rate-limit middleware — isRateLimited"],"fullName":"Rate-limit middleware — isRateLimited blocks requests beyond the limit","status":"passed","title":"blocks requests beyond the limit","duration":1.0133999999998196,"failureMessages":[],"meta":{},"tags":[]},{"ancestorTitles":["Rate-limit middleware — isRateLimited"],"fullName":"Rate-limit middleware — isRateLimited different IPs are tracked independently","status":"passed","title":"different IPs are tracked independently","duration":1.1474999999991269,"failureMessages":[],"meta":{},"tags":[]},{"ancestorTitles":["Rate-limit middleware — getRemainingRequests"],"fullName":"Rate-limit middleware — getRemainingRequests returns MAX for fresh IP","status":"passed","title":"returns MAX for fresh IP","duration":0.6657000000013795,"failureMessages":[],"meta":{},"tags":[]},{"ancestorTitles":["Rate-limit middleware — getRemainingRequests"],"fullName":"Rate-limit middleware — getRemainingRequests decrements after requests","status":"passed","title":"decrements after requests","duration":0.3720000000030268,"failureMessages":[],"meta":{},"tags":[]},{"ancestorTitles":["Rate-limit middleware — getClientIp"],"fullName":"Rate-limit middleware — getClientIp reads CF-Connecting-IP first","status":"passed","title":"reads CF-Connecting-IP first","duration":0.711699999999837,"failureMessages":[],"meta":{},"tags":[]},{"ancestorTitles":["Rate-limit middleware — getClientIp"],"fullName":"Rate-limit middleware — getClientIp falls back to X-Forwarded-For","status":"passed","title":"falls back to X-Forwarded-For","duration":0.7945999999974447,"failureMessages":[],"meta":{},"tags":[]},{"ancestorTitles":["Rate-limit middleware — getClientIp"],"fullName":"Rate-limit middleware — getClientIp returns 'unknown' if no IP headers","status":"passed","title":"returns 'unknown' if no IP headers","duration":9.01879999999801,"failureMessages":[],"meta":{},"tags":[]},{"ancestorTitles":["Rate-limit middleware — rateLimitResponse"],"fullName":"Rate-limit middleware — rateLimitResponse has status 429","status":"passed","title":"has status 429","duration":12.790899999999965,"failureMessages":[],"meta":{},"tags":[]},{"ancestorTitles":["Rate-limit middleware — rateLimitResponse"],"fullName":"Rate-limit middleware — rateLimitResponse includes X-RateLimit-Limit header","status":"passed","title":"includes X-RateLimit-Limit header","duration":0.8510999999998603,"failureMessages":[],"meta":{},"tags":[]},{"ancestorTitles":["Rate-limit middleware — rateLimitResponse"],"fullName":"Rate-limit middleware — rateLimitResponse includes Retry-After header","status":"passed","title":"includes Retry-After header","duration":0.5312999999987369,"failureMessages":[],"meta":{},"tags":[]},{"ancestorTitles":["Validation — ValidationError"],"fullName":"Validation — ValidationError has name ValidationError","status":"passed","title":"has name ValidationError","duration":0.6057000000000698,"failureMessages":[],"meta":{},"tags":[]},{"ancestorTitles":["Validation — validationErrorResponse"],"fullName":"Validation — validationErrorResponse returns 400 with JSON body","status":"passed","title":"returns 400 with JSON body","duration":1.2047999999995227,"failureMessages":[],"meta":{},"tags":[]},{"ancestorTitles":["Validation — requireParam"],"fullName":"Validation — requireParam returns value when present","status":"passed","title":"returns value when present","duration":0.5401999999994587,"failureMessages":[],"meta":{},"tags":[]},{"ancestorTitles":["Validation — requireParam"],"fullName":"Validation — requireParam throws when missing","status":"passed","title":"throws when missing","duration":1.2759000000005472,"failureMessages":[],"meta":{},"tags":[]},{"ancestorTitles":["Validation — requireParam"],"fullName":"Validation — requireParam throws when empty string","status":"passed","title":"throws when empty string","duration":1.8080000000009022,"failureMessages":[],"meta":{},"tags":[]},{"ancestorTitles":["Validation — requireLat / requireLon"],"fullName":"Validation — requireLat / requireLon accepts valid latitude","status":"passed","title":"accepts valid latitude","duration":8.604200000001583,"failureMessages":[],"meta":{},"tags":[]},{"ancestorTitles":["Validation — requireLat / requireLon"],"fullName":"Validation — requireLat / requireLon rejects out-of-range latitude","status":"passed","title":"rejects out-of-range latitude","duration":0.8175999999984924,"failureMessages":[],"meta":{},"tags":[]},{"ancestorTitles":["Validation — requireLat / requireLon"],"fullName":"Validation — requireLat / requireLon accepts valid longitude","status":"passed","title":"accepts valid longitude","duration":0.6052999999992608,"failureMessages":[],"meta":{},"tags":[]},{"ancestorTitles":["Validation — requireLat / requireLon"],"fullName":"Validation — requireLat / requireLon rejects out-of-range longitude","status":"passed","title":"rejects out-of-range longitude","duration":0.5096000000012282,"failureMessages":[],"meta":{},"tags":[]},{"ancestorTitles":["Validation — requireYear"],"fullName":"Validation — requireYear accepts current year-ish","status":"passed","title":"accepts current year-ish","duration":0.5064000000020314,"failureMessages":[],"meta":{},"tags":[]},{"ancestorTitles":["Validation — requireYear"],"fullName":"Validation — requireYear rejects out-of-range year","status":"passed","title":"rejects out-of-range year","duration":0.49060000000099535,"failureMessages":[],"meta":{},"tags":[]},{"ancestorTitles":["Validation — requireYear"],"fullName":"Validation — requireYear defaults to current year when missing","status":"passed","title":"defaults to current year when missing","duration":30.550799999997253,"failureMessages":[],"meta":{},"tags":[]},{"ancestorTitles":["Validation — requireGeoId"],"fullName":"Validation — requireGeoId accepts numeric geoname id","status":"passed","title":"accepts numeric geoname id","duration":0.9389999999984866,"failureMessages":[],"meta":{},"tags":[]},{"ancestorTitles":["Validation — requireGeoId"],"fullName":"Validation — requireGeoId rejects non-numeric","status":"passed","title":"rejects non-numeric","duration":0.604299999999057,"failureMessages":[],"meta":{},"tags":[]},{"ancestorTitles":["Validation — requireSymbol"],"fullName":"Validation — requireSymbol accepts valid ticker","status":"passed","title":"accepts valid ticker","duration":990.9314000000013,"failureMessages":[],"meta":{},"tags":[]},{"ancestorTitles":["Validation — requireSymbol"],"fullName":"Validation — requireSymbol accepts index symbol with ^","status":"passed","title":"accepts index symbol with ^","duration":1.8567999999977474,"failureMessages":[],"meta":{},"tags":[]},{"ancestorTitles":["Validation — requireSymbol"],"fullName":"Validation — requireSymbol rejects symbol with invalid chars","status":"passed","title":"rejects symbol with invalid chars","duration":0.957299999998213,"failureMessages":[],"meta":{},"tags":[]},{"ancestorTitles":["Validation — requireHttpsUrl"],"fullName":"Validation — requireHttpsUrl accepts valid HTTPS URL","status":"passed","title":"accepts valid HTTPS URL","duration":0.9207999999998719,"failureMessages":[],"meta":{},"tags":[]},{"ancestorTitles":["Validation — requireHttpsUrl"],"fullName":"Validation — requireHttpsUrl rejects http URL","status":"passed","title":"rejects http URL","duration":0.7739999999976135,"failureMessages":[],"meta":{},"tags":[]},{"ancestorTitles":["Validation — requireHttpsUrl"],"fullName":"Validation — requireHttpsUrl rejects file:// URL","status":"passed","title":"rejects file:// URL","duration":0.5934999999990396,"failureMessages":[],"meta":{},"tags":[]},{"ancestorTitles":["ALLOWED_NEWS_ORIGINS"],"fullName":"ALLOWED_NEWS_ORIGINS is a non-empty array","status":"passed","title":"is a non-empty array","duration":0.5534000000006927,"failureMessages":[],"meta":{},"tags":[]},{"ancestorTitles":["ALLOWED_NEWS_ORIGINS"],"fullName":"ALLOWED_NEWS_ORIGINS contains expected Israeli news sources","status":"passed","title":"contains expected Israeli news sources","duration":2.7127000000000407,"failureMessages":[],"meta":{},"tags":[]},{"ancestorTitles":["ALLOWED_NEWS_ORIGINS"],"fullName":"ALLOWED_NEWS_ORIGINS all entries are valid hostnames (no protocol, no path)","status":"passed","title":"all entries are valid hostnames (no protocol, no path)","duration":2.7582000000002154,"failureMessages":[],"meta":{},"tags":[]},{"ancestorTitles":["ALLOWED_CALENDAR_ORIGINS"],"fullName":"ALLOWED_CALENDAR_ORIGINS contains Google Calendar","status":"passed","title":"contains Google Calendar","duration":0.7331000000012864,"failureMessages":[],"meta":{},"tags":[]},{"ancestorTitles":["ALLOWED_CALENDAR_ORIGINS"],"fullName":"ALLOWED_CALENDAR_ORIGINS contains Outlook origins","status":"passed","title":"contains Outlook origins","duration":0.4680000000007567,"failureMessages":[],"meta":{},"tags":[]},{"ancestorTitles":["Worker response helpers — jsonResponse"],"fullName":"Worker response helpers — jsonResponse returns correct status","status":"passed","title":"returns correct status","duration":0.7911999999996624,"failureMessages":[],"meta":{},"tags":[]},{"ancestorTitles":["Worker response helpers — jsonResponse"],"fullName":"Worker response helpers — jsonResponse sets Content-Type: application/json","status":"passed","title":"sets Content-Type: application/json","duration":0.6799000000028173,"failureMessages":[],"meta":{},"tags":[]},{"ancestorTitles":["Worker response helpers — jsonResponse"],"fullName":"Worker response helpers — jsonResponse includes CORS header","status":"passed","title":"includes CORS header","duration":0.7001999999993131,"failureMessages":[],"meta":{},"tags":[]},{"ancestorTitles":["Worker response helpers — jsonResponse"],"fullName":"Worker response helpers — jsonResponse defaults to status 200","status":"passed","title":"defaults to status 200","duration":0.5357999999978347,"failureMessages":[],"meta":{},"tags":[]},{"ancestorTitles":["Worker response helpers — jsonResponse"],"fullName":"Worker response helpers — jsonResponse serializes body correctly","status":"passed","title":"serializes body correctly","duration":0.6886000000013155,"failureMessages":[],"meta":{},"tags":[]},{"ancestorTitles":["Worker response helpers — proxyResponse"],"fullName":"Worker response helpers — proxyResponse passes through 200 status","status":"passed","title":"passes through 200 status","duration":1.0542000000023108,"failureMessages":[],"meta":{},"tags":[]},{"ancestorTitles":["Worker response helpers — proxyResponse"],"fullName":"Worker response helpers — proxyResponse sets Cache-Control header with max-age","status":"passed","title":"sets Cache-Control header with max-age","duration":0.6075000000018917,"failureMessages":[],"meta":{},"tags":[]},{"ancestorTitles":["Worker response helpers — proxyResponse"],"fullName":"Worker response helpers — proxyResponse passes through non-ok upstream status","status":"passed","title":"passes through non-ok upstream status","duration":0.5630999999993946,"failureMessages":[],"meta":{},"tags":[]},{"ancestorTitles":["Worker — handleErrors route"],"fullName":"Worker — handleErrors route returns 204 for a valid single error entry","status":"passed","title":"returns 204 for a valid single error entry","duration":5.9768999999978405,"failureMessages":[],"meta":{},"tags":[]},{"ancestorTitles":["Worker — handleErrors route"],"fullName":"Worker — handleErrors route returns 204 for multiple valid error entries","status":"passed","title":"returns 204 for multiple valid error entries","duration":1.5957999999991443,"failureMessages":[],"meta":{},"tags":[]},{"ancestorTitles":["Worker — handleErrors route"],"fullName":"Worker — handleErrors route returns 405 for GET request","status":"passed","title":"returns 405 for GET request","duration":0.8179999999993015,"failureMessages":[],"meta":{},"tags":[]},{"ancestorTitles":["Worker — handleErrors route"],"fullName":"Worker — handleErrors route returns 400 for non-array body","status":"passed","title":"returns 400 for non-array body","duration":1.0300999999999476,"failureMessages":[],"meta":{},"tags":[]},{"ancestorTitles":["Worker — handleErrors route"],"fullName":"Worker — handleErrors route returns 400 for invalid JSON","status":"passed","title":"returns 400 for invalid JSON","duration":0.8224999999983993,"failureMessages":[],"meta":{},"tags":[]},{"ancestorTitles":["Worker — handleErrors route"],"fullName":"Worker — handleErrors route returns 413 when too many entries sent","status":"passed","title":"returns 413 when too many entries sent","duration":1.010600000001432,"failureMessages":[],"meta":{},"tags":[]},{"ancestorTitles":["Worker — handleErrors route"],"fullName":"Worker — handleErrors route returns 400 when all entries are invalid shape","status":"passed","title":"returns 400 when all entries are invalid shape","duration":0.9079000000019732,"failureMessages":[],"meta":{},"tags":[]},{"ancestorTitles":["Worker — handleErrors route"],"fullName":"Worker — handleErrors route accepts entries with optional source and lineno","status":"passed","title":"accepts entries with optional source and lineno","duration":884.6500000000015,"failureMessages":[],"meta":{},"tags":[]},{"ancestorTitles":["Worker — handleErrors route"],"fullName":"Worker — handleErrors route rejects entries where ts is not a number","status":"passed","title":"rejects entries where ts is not a number","duration":1.406200000004901,"failureMessages":[],"meta":{},"tags":[]},{"ancestorTitles":["Worker — handleErrors route"],"fullName":"Worker — handleErrors route rejects entries where message is missing","status":"passed","title":"rejects entries where message is missing","duration":496.7549999999974,"failureMessages":[],"meta":{},"tags":[]},{"ancestorTitles":["Worker — handleErrors route"],"fullName":"Worker — handleErrors route truncates messages longer than 500 characters","status":"passed","title":"truncates messages longer than 500 characters","duration":2033.2225000000035,"failureMessages":[],"meta":{},"tags":[]},{"ancestorTitles":["Worker — handleErrors route"],"fullName":"Worker — handleErrors route empty array returns 400 (no valid entries)","status":"passed","title":"empty array returns 400 (no valid entries)","duration":0.9385999999940395,"failureMessages":[],"meta":{},"tags":[]},{"ancestorTitles":["Worker — handleCurrency route"],"fullName":"Worker — handleCurrency route uses the ILS-based primary upstream","status":"passed","title":"uses the ILS-based primary upstream","duration":4.249400000000605,"failureMessages":[],"meta":{},"tags":[]},{"ancestorTitles":["Worker — handleCurrency route"],"fullName":"Worker — handleCurrency route falls back to the secondary upstream when the primary fails","status":"passed","title":"falls back to the secondary upstream when the primary fails","duration":9.825599999996484,"failureMessages":[],"meta":{},"tags":[]}],"startTime":1776600873188,"endTime":1776600877754.8257,"status":"passed","message":"","name":"C:/Users/ryair/OneDrive - Intel Corporation/Documents/MyScripts/FamilyDashBoard/tests/unit/worker/worker.test.ts"}]}